#
# There is insufficient memory for the Java Runtime Environment to continue.
# Native memory allocation (malloc) failed to allocate 1048576 bytes. Error detail: AllocateHeap
# Possible reasons:
#   The system is out of physical RAM or swap space
#   This process is running with CompressedOops enabled, and the Java Heap may be blocking the growth of the native heap
# Possible solutions:
#   Reduce memory load on the system
#   Increase physical memory or swap space
#   Check if swap backing store is full
#   Decrease Java heap size (-Xmx/-Xms)
#   Decrease number of Java threads
#   Decrease Java thread stack sizes (-Xss)
#   Set larger code cache with -XX:ReservedCodeCacheSize=
#   JVM is running with Unscaled Compressed Oops mode in which the Java heap is
#     placed in the first 4GB address space. The Java Heap base address is the
#     maximum limit for the native heap growth. Please use -XX:HeapBaseMinAddress
#     to set the Java Heap base and to place the Java Heap above 4GB virtual address.
# This output file may be truncated or incomplete.
#
#  Out of Memory Error (allocation.cpp:44), pid=25024, tid=8484
#
# JRE version:  (21.0.10+7) (build )
# Java VM: OpenJDK 64-Bit Server VM (21.0.10+7-LTS, mixed mode, sharing, tiered, compressed oops, compressed class ptrs, parallel gc, windows-amd64)
# No core dump will be written. Minidumps are not enabled by default on client versions of Windows
#

---------------  S U M M A R Y ------------

Command Line: --add-modules=ALL-SYSTEM --add-opens=java.base/java.util=ALL-UNNAMED --add-opens=java.base/java.lang=ALL-UNNAMED --add-opens=java.base/sun.nio.fs=ALL-UNNAMED -Declipse.application=org.eclipse.jdt.ls.core.id1 -Dosgi.bundles.defaultStartLevel=4 -Declipse.product=org.eclipse.jdt.ls.core.product -Djava.import.generatesMetadataFilesAtProjectRoot=false -DDetectVMInstallationsJob.disabled=true -Dfile.encoding=utf8 -XX:+UseParallelGC -XX:GCTimeRatio=4 -XX:AdaptiveSizePolicyWeight=90 -Dsun.zip.disableMemoryMapping=true -Xmx2G -Xms100m -Xlog:disable -javaagent:c:\Users\ISABELLA\.vscode\extensions\redhat.java-1.53.0-win32-x64\lombok\lombok-1.18.39-4050.jar -XX:+HeapDumpOnOutOfMemoryError -XX:HeapDumpPath=c:\Users\ISABELLA\AppData\Roaming\Code\User\workspaceStorage\85ad94aab88bf9dc227c7f8d457011e1\redhat.java -Daether.dependencyCollector.impl=bf c:\Users\ISABELLA\.vscode\extensions\redhat.java-1.53.0-win32-x64\server\plugins\org.eclipse.equinox.launcher_1.7.100.v20251111-0406.jar -configuration c:\Users\ISABELLA\AppData\Roaming\Code\User\globalStorage\redhat.java\1.53.0\config_win -data c:\Users\ISABELLA\AppData\Roaming\Code\User\workspaceStorage\85ad94aab88bf9dc227c7f8d457011e1\redhat.java\jdt_ws --pipe=\\.\pipe\lsp-97d6f4496f2ebdbb5c91d33467be9803-sock

Host: AMD Ryzen 7 4800H with Radeon Graphics         , 16 cores, 7G,  Windows 11 , 64 bit Build 26100 (10.0.26100.7920)
Time: Mon Apr 13 21:18:52 2026 SA Western Standard Time elapsed time: 0.176588 seconds (0d 0h 0m 0s)

---------------  T H R E A D  ---------------

Current thread (0x0000027f0f217c60):  JavaThread "Unknown thread" [_thread_in_vm, id=8484, stack(0x0000009bbc900000,0x0000009bbca00000) (1024K)]

Stack: [0x0000009bbc900000,0x0000009bbca00000]
Native frames: (J=compiled Java code, j=interpreted, Vv=VM code, C=native code)
V  [jvm.dll+0x6d7a39]
V  [jvm.dll+0x8b4b26]
V  [jvm.dll+0x8b70de]
V  [jvm.dll+0x8b77c3]
V  [jvm.dll+0x284346]
V  [jvm.dll+0xc1277]
V  [jvm.dll+0x70ba02]
V  [jvm.dll+0x70c73c]
V  [jvm.dll+0x6e65d3]
V  [jvm.dll+0x87f17c]
V  [jvm.dll+0x3c49fc]
V  [jvm.dll+0x867e6b]
V  [jvm.dll+0x457b31]
V  [jvm.dll+0x459721]
C  [jli.dll+0x52d0]
C  [ucrtbase.dll+0x37b0]
C  [KERNEL32.DLL+0x2e8d7]
C  [ntdll.dll+0x8c48c]


---------------  P R O C E S S  ---------------

Threads class SMR info:
_java_thread_list=0x0000027f0f234600, length=1, elements={
0x0000027f0f217c60
}

Java Threads: ( => current thread )
=>0x0000027f0f217c60 JavaThread "Unknown thread"             [_thread_in_vm, id=8484, stack(0x0000009bbc900000,0x0000009bbca00000) (1024K)]
Total: 1

Other Threads:
  0x0000027f0f08ca00 WatcherThread "VM Periodic Task Thread"        [id=39144, stack(0x0000009bbcb00000,0x0000009bbcc00000) (1024K)]
  0x0000027f0f22fff0 WorkerThread "GC Thread#0"                     [id=39172, stack(0x0000009bbca00000,0x0000009bbcb00000) (1024K)]
Total: 2

Threads with active compile tasks:
Total: 0

VM state: not at safepoint (normal execution)

VM Mutex/Monitor currently owned by a thread: None

Heap address: 0x0000000080000000, size: 2048 MB, Compressed Oops mode: 32-bit

CDS archive(s) mapped at: [0x0000027f26000000-0x0000027f26ba0000-0x0000027f26ba0000), size 12189696, SharedBaseAddress: 0x0000027f26000000, ArchiveRelocationMode: 1.
Compressed class space mapped at: 0x0000027f27000000-0x0000027f67000000, reserved size: 1073741824
Narrow klass base: 0x0000027f26000000, Narrow klass shift: 0, Narrow klass range: 0x100000000

GC Precious Log:
 CardTable entry size: 512
 CPUs: 16 total, 16 available
 Memory: 7549M
 Large Page Support: Disabled
 NUMA Support: Disabled
 Compressed Oops: Enabled (32-bit)
 Alignments: Space 512K, Generation 512K, Heap 2M
 Heap Min Capacity: 100M
 Heap Initial Capacity: 100M
 Heap Max Capacity: 2G
 Pre-touch: Disabled
 Parallel Workers: 13

Heap:
 PSYoungGen      total 29696K, used 512K [0x00000000d5580000, 0x00000000d7680000, 0x0000000100000000)
  eden space 25600K, 2% used [0x00000000d5580000,0x00000000d5600020,0x00000000d6e80000)
  from space 4096K, 0% used [0x00000000d7280000,0x00000000d7280000,0x00000000d7680000)
  to   space 4096K, 0% used [0x00000000d6e80000,0x00000000d6e80000,0x00000000d7280000)
 ParOldGen       total 68608K, used 0K [0x0000000080000000, 0x0000000084300000, 0x00000000d5580000)
  object space 68608K, 0% used [0x0000000080000000,0x0000000080000000,0x0000000084300000)
 Metaspace       used 0K, committed 0K, reserved 1048576K
  class space    used 0K, committed 0K, reserved 1048576K

Card table byte_map: [0x0000027f0eba0000,0x0000027f0efb0000] _byte_map_base: 0x0000027f0e7a0000

Marking Bits: (ParMarkBitMap*) 0x00007ffad0313450
 Begin Bits: [0x0000027f216b0000, 0x0000027f236b0000)
 End Bits:   [0x0000027f236b0000, 0x0000027f256b0000)

Polling page: 0x0000027f0cff0000

Metaspace:

Usage:
  Non-class:      0 bytes used.
      Class:      0 bytes used.
       Both:      0 bytes used.

Virtual space:
  Non-class space:        0 bytes reserved,       0 bytes (  ?%) committed,  0 nodes.
      Class space:        1.00 GB reserved,       0 bytes (  0%) committed,  1 nodes.
             Both:        1.00 GB reserved,       0 bytes (  0%) committed. 

Chunk freelists:
   Non-Class:  0 bytes
       Class:  16.00 MB
        Both:  16.00 MB

MaxMetaspaceSize: unlimited
CompressedClassSpaceSize: 1.00 GB
Initial GC threshold: 21.00 MB
Current GC threshold: 17179869184.00 GB
CDS: on
 - commit_granule_bytes: 65536.
 - commit_granule_words: 8192.
 - virtual_space_node_default_size: 8388608.
 - enlarge_chunks_in_place: 1.
 - use_allocation_guard: 0.


Internal statistics:

num_allocs_failed_limit: 0.
num_arena_births: 0.
num_arena_deaths: 0.
num_vsnodes_births: 1.
num_vsnodes_deaths: 0.
num_space_committed: 0.
num_space_uncommitted: 0.
num_chunks_returned_to_freelist: 0.
num_chunks_taken_from_freelist: 1.
num_chunk_merges: 0.
num_chunk_splits: 1.
num_chunks_enlarged: 0.
num_inconsistent_stats: 0.

CodeHeap 'non-profiled nmethods': size=119168Kb used=0Kb max_used=0Kb free=119168Kb
 bounds [0x0000027f19fa0000, 0x0000027f1a210000, 0x0000027f21400000]
CodeHeap 'profiled nmethods': size=119104Kb used=0Kb max_used=0Kb free=119104Kb
 bounds [0x0000027f12400000, 0x0000027f12670000, 0x0000027f19850000]
CodeHeap 'non-nmethods': size=7488Kb used=194Kb max_used=342Kb free=7293Kb
 bounds [0x0000027f19850000, 0x0000027f19ac0000, 0x0000027f19fa0000]
CodeCache: size=245760Kb, used=194Kb, max_used=342Kb, free=245565Kb
 total_blobs=70, nmethods=0, adapters=48, full_count=0
Compilation: enabled, stopped_count=0, restarted_count=0

Compilation events (0 events):
No events

GC Heap History (0 events):
No events

Dll operation events (1 events):
Event: 0.041 Loaded shared library c:\Users\ISABELLA\.vscode\extensions\redhat.java-1.53.0-win32-x64\jre\21.0.10-win32-x86_64\bin\java.dll

Deoptimization events (0 events):
No events

Classes loaded (0 events):
No events

Classes unloaded (0 events):
No events

Classes redefined (0 events):
No events

Internal exceptions (0 events):
No events

ZGC Phase Switch (0 events):
No events

VM Operations (0 events):
No events

Memory protections (0 events):
No events

Nmethod flushes (0 events):
No events

Events (1 events):
Event: 0.081 Thread 0x0000027f0f217c60 Thread added: 0x0000027f0f217c60


Dynamic libraries:
0x00007ff6b0a00000 - 0x00007ff6b0a0e000 	c:\Users\ISABELLA\.vscode\extensions\redhat.java-1.53.0-win32-x64\jre\21.0.10-win32-x86_64\bin\java.exe
0x00007ffbc35e0000 - 0x00007ffbc3847000 	C:\WINDOWS\SYSTEM32\ntdll.dll
0x00007ffb81410000 - 0x00007ffb81430000 	C:\Program Files\AVG\Antivirus\aswhook.dll
0x00007ffbc2770000 - 0x00007ffbc2839000 	C:\WINDOWS\System32\KERNEL32.DLL
0x00007ffbc0450000 - 0x00007ffbc0841000 	C:\WINDOWS\System32\KERNELBASE.dll
0x00007ffbbd190000 - 0x00007ffbbd22f000 	C:\WINDOWS\SYSTEM32\apphelp.dll
0x00007ffbc0300000 - 0x00007ffbc044b000 	C:\WINDOWS\System32\ucrtbase.dll
0x00007ffba0a60000 - 0x00007ffba0a78000 	c:\Users\ISABELLA\.vscode\extensions\redhat.java-1.53.0-win32-x64\jre\21.0.10-win32-x86_64\bin\jli.dll
0x00007ffb908c0000 - 0x00007ffb908de000 	c:\Users\ISABELLA\.vscode\extensions\redhat.java-1.53.0-win32-x64\jre\21.0.10-win32-x86_64\bin\VCRUNTIME140.dll
0x00007ffbc31a0000 - 0x00007ffbc3365000 	C:\WINDOWS\System32\USER32.dll
0x00007ffbc0850000 - 0x00007ffbc0877000 	C:\WINDOWS\System32\win32u.dll
0x00007ffba7c20000 - 0x00007ffba7eb3000 	C:\WINDOWS\WinSxS\amd64_microsoft.windows.common-controls_6595b64144ccf1df_6.0.26100.8037_none_3e092faae333b53b\COMCTL32.dll
0x00007ffbc2840000 - 0x00007ffbc286b000 	C:\WINDOWS\System32\GDI32.dll
0x00007ffbc1440000 - 0x00007ffbc14e9000 	C:\WINDOWS\System32\msvcrt.dll
0x00007ffbc10f0000 - 0x00007ffbc121b000 	C:\WINDOWS\System32\gdi32full.dll
0x00007ffbc12d0000 - 0x00007ffbc1373000 	C:\WINDOWS\System32\msvcp_win.dll
0x00007ffbc15f0000 - 0x00007ffbc1621000 	C:\WINDOWS\System32\IMM32.DLL
0x00007ffbac0c0000 - 0x00007ffbac0cc000 	c:\Users\ISABELLA\.vscode\extensions\redhat.java-1.53.0-win32-x64\jre\21.0.10-win32-x86_64\bin\vcruntime140_1.dll
0x00007ffb67ef0000 - 0x00007ffb67f7d000 	c:\Users\ISABELLA\.vscode\extensions\redhat.java-1.53.0-win32-x64\jre\21.0.10-win32-x86_64\bin\msvcp140.dll
0x00007ffacf650000 - 0x00007ffad03f1000 	c:\Users\ISABELLA\.vscode\extensions\redhat.java-1.53.0-win32-x64\jre\21.0.10-win32-x86_64\bin\server\jvm.dll
0x00007ffbc34e0000 - 0x00007ffbc359b000 	C:\WINDOWS\System32\ADVAPI32.dll
0x00007ffbc2050000 - 0x00007ffbc20f7000 	C:\WINDOWS\System32\sechost.dll
0x00007ffbc2970000 - 0x00007ffbc2a88000 	C:\WINDOWS\System32\RPCRT4.dll
0x00007ffbc2690000 - 0x00007ffbc2704000 	C:\WINDOWS\System32\WS2_32.dll
0x00007ffbbf5c0000 - 0x00007ffbbf61e000 	C:\WINDOWS\SYSTEM32\POWRPROF.dll
0x00007ffbb8100000 - 0x00007ffbb810b000 	C:\WINDOWS\SYSTEM32\VERSION.dll
0x00007ffbb5b30000 - 0x00007ffbb5b65000 	C:\WINDOWS\SYSTEM32\WINMM.dll
0x00007ffbbf560000 - 0x00007ffbbf574000 	C:\WINDOWS\SYSTEM32\UMPDC.dll
0x00007ffbbec50000 - 0x00007ffbbec6b000 	C:\WINDOWS\SYSTEM32\kernel.appcore.dll
0x00007ffba5ee0000 - 0x00007ffba5eea000 	c:\Users\ISABELLA\.vscode\extensions\redhat.java-1.53.0-win32-x64\jre\21.0.10-win32-x86_64\bin\jimage.dll
0x00007ffbbde70000 - 0x00007ffbbe0b2000 	C:\WINDOWS\SYSTEM32\DBGHELP.DLL
0x00007ffbc2110000 - 0x00007ffbc2492000 	C:\WINDOWS\System32\combase.dll
0x00007ffbc1f60000 - 0x00007ffbc2037000 	C:\WINDOWS\System32\OLEAUT32.dll
0x00007ffbb3750000 - 0x00007ffbb378b000 	C:\WINDOWS\SYSTEM32\dbgcore.DLL
0x00007ffbc1220000 - 0x00007ffbc12c5000 	C:\WINDOWS\System32\bcryptPrimitives.dll
0x00007ffba2d90000 - 0x00007ffba2d9f000 	c:\Users\ISABELLA\.vscode\extensions\redhat.java-1.53.0-win32-x64\jre\21.0.10-win32-x86_64\bin\instrument.dll
0x00007ffb8e110000 - 0x00007ffb8e130000 	c:\Users\ISABELLA\.vscode\extensions\redhat.java-1.53.0-win32-x64\jre\21.0.10-win32-x86_64\bin\java.dll

JVMTI agents:
c:\Users\ISABELLA\.vscode\extensions\redhat.java-1.53.0-win32-x64\lombok\lombok-1.18.39-4050.jar path:none, loaded, not initialized, instrumentlib options:none

dbghelp: loaded successfully - version: 4.0.5 - missing functions: none
symbol engine: initialized successfully - sym options: 0x614 - pdb path: .;c:\Users\ISABELLA\.vscode\extensions\redhat.java-1.53.0-win32-x64\jre\21.0.10-win32-x86_64\bin;C:\WINDOWS\SYSTEM32;C:\Program Files\AVG\Antivirus;C:\WINDOWS\WinSxS\amd64_microsoft.windows.common-controls_6595b64144ccf1df_6.0.26100.8037_none_3e092faae333b53b;c:\Users\ISABELLA\.vscode\extensions\redhat.java-1.53.0-win32-x64\jre\21.0.10-win32-x86_64\bin\server

VM Arguments:
jvm_args: --add-modules=ALL-SYSTEM --add-opens=java.base/java.util=ALL-UNNAMED --add-opens=java.base/java.lang=ALL-UNNAMED --add-opens=java.base/sun.nio.fs=ALL-UNNAMED -Declipse.application=org.eclipse.jdt.ls.core.id1 -Dosgi.bundles.defaultStartLevel=4 -Declipse.product=org.eclipse.jdt.ls.core.product -Djava.import.generatesMetadataFilesAtProjectRoot=false -DDetectVMInstallationsJob.disabled=true -Dfile.encoding=utf8 -XX:+UseParallelGC -XX:GCTimeRatio=4 -XX:AdaptiveSizePolicyWeight=90 -Dsun.zip.disableMemoryMapping=true -Xmx2G -Xms100m -Xlog:disable -javaagent:c:\Users\ISABELLA\.vscode\extensions\redhat.java-1.53.0-win32-x64\lombok\lombok-1.18.39-4050.jar -XX:+HeapDumpOnOutOfMemoryError -XX:HeapDumpPath=c:\Users\ISABELLA\AppData\Roaming\Code\User\workspaceStorage\85ad94aab88bf9dc227c7f8d457011e1\redhat.java -Daether.dependencyCollector.impl=bf 
java_command: c:\Users\ISABELLA\.vscode\extensions\redhat.java-1.53.0-win32-x64\server\plugins\org.eclipse.equinox.launcher_1.7.100.v20251111-0406.jar -configuration c:\Users\ISABELLA\AppData\Roaming\Code\User\globalStorage\redhat.java\1.53.0\config_win -data c:\Users\ISABELLA\AppData\Roaming\Code\User\workspaceStorage\85ad94aab88bf9dc227c7f8d457011e1\redhat.java\jdt_ws --pipe=\\.\pipe\lsp-97d6f4496f2ebdbb5c91d33467be9803-sock
java_class_path (initial): c:\Users\ISABELLA\.vscode\extensions\redhat.java-1.53.0-win32-x64\server\plugins\org.eclipse.equinox.launcher_1.7.100.v20251111-0406.jar
Launcher Type: SUN_STANDARD

[Global flags]
    uintx AdaptiveSizePolicyWeight                 = 90                                        {product} {command line}
     intx CICompilerCount                          = 12                                        {product} {ergonomic}
    uintx GCTimeRatio                              = 4                                         {product} {command line}
     bool HeapDumpOnOutOfMemoryError               = true                                   {manageable} {command line}
    ccstr HeapDumpPath                             = c:\Users\ISABELLA\AppData\Roaming\Code\User\workspaceStorage\85ad94aab88bf9dc227c7f8d457011e1\redhat.java         {manageable} {command line}
   size_t InitialHeapSize                          = 104857600                                 {product} {command line}
   size_t MaxHeapSize                              = 2147483648                                {product} {command line}
   size_t MaxNewSize                               = 715653120                                 {product} {ergonomic}
   size_t MinHeapDeltaBytes                        = 524288                                    {product} {ergonomic}
   size_t MinHeapSize                              = 104857600                                 {product} {command line}
   size_t NewSize                                  = 34603008                                  {product} {ergonomic}
    uintx NonNMethodCodeHeapSize                   = 7602480                                {pd product} {ergonomic}
    uintx NonProfiledCodeHeapSize                  = 122027880                              {pd product} {ergonomic}
   size_t OldSize                                  = 70254592                                  {product} {ergonomic}
    uintx ProfiledCodeHeapSize                     = 122027880                              {pd product} {ergonomic}
    uintx ReservedCodeCacheSize                    = 251658240                              {pd product} {ergonomic}
     bool SegmentedCodeCache                       = true                                      {product} {ergonomic}
   size_t SoftMaxHeapSize                          = 2147483648                             {manageable} {ergonomic}
     bool UseCompressedOops                        = true                           {product lp64_product} {ergonomic}
     bool UseLargePagesIndividualAllocation        = false                                  {pd product} {ergonomic}
     bool UseParallelGC                            = true                                      {product} {command line}

Logging:
Log output configuration:
 #0: stdout all=off uptime,level,tags foldmultilines=false
 #1: stderr all=off uptime,level,tags foldmultilines=false

Release file:
<release file has not been read>
Environment Variables:
PATH=C:\Program Files\Common Files\Oracle\Java\javapath;C:\Python313\Scripts\;C:\Python313\;C:\Windows\system32;C:\Windows;C:\Windows\System32\Wbem;C:\Windows\System32\WindowsPowerShell\v1.0\;C:\Windows\System32\OpenSSH\;C:\Program Files (x86)\NVIDIA Corporation\PhysX\Common;C:\Program Files\NVIDIA Corporation\NVIDIA NvDLISR;C:\WINDOWS\system32;C:\WINDOWS;C:\WINDOWS\System32\Wbem;C:\WINDOWS\System32\WindowsPowerShell\v1.0\;C:\WINDOWS\System32\OpenSSH\;C:\Program Files\dotnet\;C:\Program Files\MySQL\MySQL Server 8.0\bin;C:\Program Files\nodejs\;C:\ProgramData\chocolatey\bin;C:\Program Files\Microsoft SQL Server\150\Tools\Binn\;C:\Program Files\Microsoft SQL Server\Client SDK\ODBC\170\Tools\Binn\;C:\Program Files (x86)\Windows Kits\10\Windows Performance Toolkit\;C:\Program Files\Git\cmd;C:\Program Files\MySQL\MySQL Shell 8.0\bin\;C:\Python\Python310\Scripts\;C:\Python\Python310\;C:\Users\ISABELLA\AppData\Local\Microsoft\WindowsApps;C:\Users\ISABELLA\AppData\Local\GitHubDesktop\bin;C:\Program Files\MongoDB\Server\8.0\bin;C:\Users\ISABELLA\AppData\Local\Programs\Microsoft VS Code\bin;C:\terraform;C:\Users\ISABELLA\AppData\Roaming\npm;C:\Users\ISABELLA\.dotnet\tools;C:\Program Files\Java\jdk-25.0.2\bin;
USERNAME=ISABELLA
OS=Windows_NT
PROCESSOR_IDENTIFIER=AMD64 Family 23 Model 96 Stepping 1, AuthenticAMD
TMP=C:\Users\ISABELLA\AppData\Local\Temp
TEMP=C:\Users\ISABELLA\AppData\Local\Temp




Periodic native trim disabled

---------------  S Y S T E M  ---------------

OS:
 Windows 11 , 64 bit Build 26100 (10.0.26100.7920)
OS uptime: 6 days 6:53 hours
Hyper-V role detected

CPU: total 16 (initial active 16) (16 cores per cpu, 2 threads per core) family 23 model 96 stepping 1 microcode 0x8600104, cx8, cmov, fxsr, ht, mmx, 3dnowpref, sse, sse2, sse3, ssse3, sse4a, sse4.1, sse4.2, popcnt, lzcnt, tsc, tscinvbit, avx, avx2, aes, clmul, bmi1, bmi2, adx, sha, fma, vzeroupper, clflush, clflushopt, hv, rdtscp, rdpid, f16c
Processor Information for the first 16 processors :
  Max Mhz: 2900, Current Mhz: 1700, Mhz Limit: 2900

Memory: 4k page, system-wide physical 7549M (513M free)
TotalPageFile size 24028M (AvailPageFile size 52M)
current process WorkingSet (physical memory assigned to process): 27M, peak: 27M
current process commit charge ("private bytes"): 193M, peak: 194M

vm_info: OpenJDK 64-Bit Server VM (21.0.10+7-LTS) for windows-amd64 JRE (21.0.10+7-LTS), built on 2026-01-20T00:00:00Z by "admin" with MS VC++ 17.12 (VS2022)

END.
