#
# There is insufficient memory for the Java Runtime Environment to continue.
# Native memory allocation (malloc) failed to allocate 295216 bytes. Error detail: Chunk::new
# Possible reasons:
#   The system is out of physical RAM or swap space
#   This process is running with CompressedOops enabled, and the Java Heap may be blocking the growth of the native heap
# Possible solutions:
#   Reduce memory load on the system
#   Increase physical memory or swap space
#   Check if swap backing store is full
#   Decrease Java heap size (-Xmx/-Xms)
#   Decrease number of Java threads
#   Decrease Java thread stack sizes (-Xss)
#   Set larger code cache with -XX:ReservedCodeCacheSize=
#   JVM is running with Unscaled Compressed Oops mode in which the Java heap is
#     placed in the first 4GB address space. The Java Heap base address is the
#     maximum limit for the native heap growth. Please use -XX:HeapBaseMinAddress
#     to set the Java Heap base and to place the Java Heap above 4GB virtual address.
# This output file may be truncated or incomplete.
#
#  Out of Memory Error (arena.cpp:168), pid=37868, tid=6992
#
# JRE version: OpenJDK Runtime Environment Temurin-21.0.10+7 (21.0.10+7) (build 21.0.10+7-LTS)
# Java VM: OpenJDK 64-Bit Server VM Temurin-21.0.10+7 (21.0.10+7-LTS, mixed mode, sharing, tiered, compressed oops, compressed class ptrs, parallel gc, windows-amd64)
# No core dump will be written. Minidumps are not enabled by default on client versions of Windows
#

---------------  S U M M A R Y ------------

Command Line: --add-modules=ALL-SYSTEM --add-opens=java.base/java.util=ALL-UNNAMED --add-opens=java.base/java.lang=ALL-UNNAMED --add-opens=java.base/sun.nio.fs=ALL-UNNAMED -Declipse.application=org.eclipse.jdt.ls.core.id1 -Dosgi.bundles.defaultStartLevel=4 -Declipse.product=org.eclipse.jdt.ls.core.product -Djava.import.generatesMetadataFilesAtProjectRoot=false -DDetectVMInstallationsJob.disabled=true -Dfile.encoding=utf8 -XX:+UseParallelGC -XX:GCTimeRatio=4 -XX:AdaptiveSizePolicyWeight=90 -Dsun.zip.disableMemoryMapping=true -Xmx2G -Xms100m -Xlog:disable -javaagent:c:\Users\ISABELLA\.vscode\extensions\redhat.java-1.53.0-win32-x64\lombok\lombok-1.18.39-4050.jar -XX:+HeapDumpOnOutOfMemoryError -XX:HeapDumpPath=c:\Users\ISABELLA\AppData\Roaming\Code\User\workspaceStorage\85ad94aab88bf9dc227c7f8d457011e1\redhat.java -Daether.dependencyCollector.impl=bf c:\Users\ISABELLA\.vscode\extensions\redhat.java-1.53.0-win32-x64\server\plugins\org.eclipse.equinox.launcher_1.7.100.v20251111-0406.jar -configuration c:\Users\ISABELLA\AppData\Roaming\Code\User\globalStorage\redhat.java\1.53.0\config_win -data c:\Users\ISABELLA\AppData\Roaming\Code\User\workspaceStorage\85ad94aab88bf9dc227c7f8d457011e1\redhat.java\jdt_ws --pipe=\\.\pipe\lsp-9869c45b5483fe43020fae627b8dc385-sock

Host: AMD Ryzen 7 4800H with Radeon Graphics         , 16 cores, 7G,  Windows 11 , 64 bit Build 26100 (10.0.26100.7920)
Time: Mon Apr 13 21:18:05 2026 SA Western Standard Time elapsed time: 25988.342870 seconds (0d 7h 13m 8s)

---------------  T H R E A D  ---------------

Current thread (0x000001affcf7aec0):  JavaThread "C2 CompilerThread0" daemon [_thread_in_native, id=6992, stack(0x000000024a700000,0x000000024a800000) (1024K)]


Current CompileTask:
C2:25988343 16167       4       java.lang.Class::getField0 (99 bytes)

Stack: [0x000000024a700000,0x000000024a800000]
Native frames: (J=compiled Java code, j=interpreted, Vv=VM code, C=native code)
V  [jvm.dll+0x6d7a39]
V  [jvm.dll+0x8b4b26]
V  [jvm.dll+0x8b70de]
V  [jvm.dll+0x8b77c3]
V  [jvm.dll+0x284346]
V  [jvm.dll+0xc66ed]
V  [jvm.dll+0xc6c31]
V  [jvm.dll+0x2fb29e]
V  [jvm.dll+0x5fe884]
V  [jvm.dll+0x255b17]
V  [jvm.dll+0x255edd]
V  [jvm.dll+0x24e500]
V  [jvm.dll+0x24ba42]
V  [jvm.dll+0x1cb34e]
V  [jvm.dll+0x25b85d]
V  [jvm.dll+0x259dea]
V  [jvm.dll+0x3f857e]
V  [jvm.dll+0x85f59d]
V  [jvm.dll+0x6d626d]
C  [ucrtbase.dll+0x37b0]
C  [KERNEL32.DLL+0x2e8d7]
C  [ntdll.dll+0x8c48c]


---------------  P R O C E S S  ---------------

Threads class SMR info:
_java_thread_list=0x000001affefd2bb0, length=54, elements={
0x000001aff1d56970, 0x000001aff42cd690, 0x000001aff41b0880, 0x000001aff41b44c0,
0x000001aff41b7cf0, 0x000001aff41bc760, 0x000001affcf75770, 0x000001affcf7aec0,
0x000001affcf7e730, 0x000001affd1b7da0, 0x000001affea25aa0, 0x000001afd41c5660,
0x000001afd420a610, 0x000001affed52930, 0x000001affed53b80, 0x000001afd46d5fe0,
0x000001afd48aa6f0, 0x000001afd4651790, 0x000001afd4652b40, 0x000001afd46503e0,
0x000001afd538deb0, 0x000001afd538cb00, 0x000001afd538e540, 0x000001afd538d190,
0x000001afd538f260, 0x000001afd538d820, 0x000001afd538ebd0, 0x000001afd538f8f0,
0x000001afd603c110, 0x000001afd603b3f0, 0x000001afd603ba80, 0x000001afd6038c90,
0x000001afd603a040, 0x000001afd603c7a0, 0x000001afd6039320, 0x000001afd603a6d0,
0x000001afd603ce30, 0x000001afd60399b0, 0x000001afd603d4c0, 0x000001afd603db50,
0x000001afd6956d10, 0x000001afd603f590, 0x000001afd60402b0, 0x000001afd603fc20,
0x000001afd603e1e0, 0x000001afd603ef00, 0x000001afd6951e50, 0x000001afd6950410,
0x000001afd69524e0, 0x000001afd694fd80, 0x000001afd6954c40, 0x000001afd6955ff0,
0x000001afd641d260, 0x000001afd6421680
}

Java Threads: ( => current thread )
  0x000001aff1d56970 JavaThread "main"                              [_thread_blocked, id=36388, stack(0x0000000249d00000,0x0000000249e00000) (1024K)]
  0x000001aff42cd690 JavaThread "Reference Handler"          daemon [_thread_blocked, id=4836, stack(0x000000024a100000,0x000000024a200000) (1024K)]
  0x000001aff41b0880 JavaThread "Finalizer"                  daemon [_thread_blocked, id=25472, stack(0x000000024a200000,0x000000024a300000) (1024K)]
  0x000001aff41b44c0 JavaThread "Signal Dispatcher"          daemon [_thread_blocked, id=2184, stack(0x000000024a300000,0x000000024a400000) (1024K)]
  0x000001aff41b7cf0 JavaThread "Attach Listener"            daemon [_thread_blocked, id=36024, stack(0x000000024a400000,0x000000024a500000) (1024K)]
  0x000001aff41bc760 JavaThread "Service Thread"             daemon [_thread_blocked, id=21472, stack(0x000000024a500000,0x000000024a600000) (1024K)]
  0x000001affcf75770 JavaThread "Monitor Deflation Thread"   daemon [_thread_blocked, id=30928, stack(0x000000024a600000,0x000000024a700000) (1024K)]
=>0x000001affcf7aec0 JavaThread "C2 CompilerThread0"         daemon [_thread_in_native, id=6992, stack(0x000000024a700000,0x000000024a800000) (1024K)]
  0x000001affcf7e730 JavaThread "C1 CompilerThread0"         daemon [_thread_blocked, id=35492, stack(0x000000024a800000,0x000000024a900000) (1024K)]
  0x000001affd1b7da0 JavaThread "Common-Cleaner"             daemon [_thread_blocked, id=31992, stack(0x000000024ab00000,0x000000024ac00000) (1024K)]
  0x000001affea25aa0 JavaThread "Notification Thread"        daemon [_thread_blocked, id=12824, stack(0x000000024ae00000,0x000000024af00000) (1024K)]
  0x000001afd41c5660 JavaThread "Active Thread: Equinox Container: 99645c8e-b9f9-494c-a889-849fe1b105aa"        [_thread_blocked, id=11932, stack(0x000000024b600000,0x000000024b700000) (1024K)]
  0x000001afd420a610 JavaThread "Refresh Thread: Equinox Container: 99645c8e-b9f9-494c-a889-849fe1b105aa" daemon [_thread_blocked, id=2888, stack(0x000000024b800000,0x000000024b900000) (1024K)]
  0x000001affed52930 JavaThread "Framework Event Dispatcher: Equinox Container: 99645c8e-b9f9-494c-a889-849fe1b105aa" daemon [_thread_blocked, id=11348, stack(0x000000024b900000,0x000000024ba00000) (1024K)]
  0x000001affed53b80 JavaThread "Start Level: Equinox Container: 99645c8e-b9f9-494c-a889-849fe1b105aa" daemon [_thread_blocked, id=37812, stack(0x000000024ba00000,0x000000024bb00000) (1024K)]
  0x000001afd46d5fe0 JavaThread "Bundle File Closer"         daemon [_thread_blocked, id=37464, stack(0x000000024be00000,0x000000024bf00000) (1024K)]
  0x000001afd48aa6f0 JavaThread "SCR Component Actor"        daemon [_thread_blocked, id=3044, stack(0x000000024bf00000,0x000000024c000000) (1024K)]
  0x000001afd4651790 JavaThread "Worker-JM"                         [_thread_blocked, id=22180, stack(0x000000024c000000,0x000000024c100000) (1024K)]
  0x000001afd4652b40 JavaThread "JNA Cleaner"                daemon [_thread_blocked, id=20892, stack(0x000000024c200000,0x000000024c300000) (1024K)]
  0x000001afd46503e0 JavaThread "Java indexing"              daemon [_thread_blocked, id=17524, stack(0x000000024c500000,0x000000024c600000) (1024K)]
  0x000001afd538deb0 JavaThread "Thread-1"                   daemon [_thread_in_native, id=18684, stack(0x000000024cb00000,0x000000024cc00000) (1024K)]
  0x000001afd538cb00 JavaThread "Thread-2"                   daemon [_thread_in_native, id=26240, stack(0x000000024cc00000,0x000000024cd00000) (1024K)]
  0x000001afd538e540 JavaThread "Thread-3"                   daemon [_thread_in_native, id=37824, stack(0x000000024cd00000,0x000000024ce00000) (1024K)]
  0x000001afd538d190 JavaThread "Thread-4"                   daemon [_thread_in_native, id=21764, stack(0x000000024ce00000,0x000000024cf00000) (1024K)]
  0x000001afd538f260 JavaThread "Thread-5"                   daemon [_thread_in_native, id=18696, stack(0x000000024cf00000,0x000000024d000000) (1024K)]
  0x000001afd538d820 JavaThread "Thread-6"                   daemon [_thread_in_native, id=32428, stack(0x000000024d000000,0x000000024d100000) (1024K)]
  0x000001afd538ebd0 JavaThread "Thread-7"                   daemon [_thread_in_native, id=14640, stack(0x000000024d100000,0x000000024d200000) (1024K)]
  0x000001afd538f8f0 JavaThread "Thread-8"                   daemon [_thread_in_native, id=30548, stack(0x000000024d200000,0x000000024d300000) (1024K)]
  0x000001afd603c110 JavaThread "Thread-9"                   daemon [_thread_in_native, id=32936, stack(0x000000024d300000,0x000000024d400000) (1024K)]
  0x000001afd603b3f0 JavaThread "Thread-10"                  daemon [_thread_in_native, id=6940, stack(0x000000024d400000,0x000000024d500000) (1024K)]
  0x000001afd603ba80 JavaThread "Thread-11"                  daemon [_thread_in_native, id=19796, stack(0x000000024d500000,0x000000024d600000) (1024K)]
  0x000001afd6038c90 JavaThread "Thread-12"                  daemon [_thread_in_native, id=4696, stack(0x000000024d600000,0x000000024d700000) (1024K)]
  0x000001afd603a040 JavaThread "Thread-13"                  daemon [_thread_in_native, id=23680, stack(0x000000024d700000,0x000000024d800000) (1024K)]
  0x000001afd603c7a0 JavaThread "Thread-14"                  daemon [_thread_in_native, id=30160, stack(0x000000024d800000,0x000000024d900000) (1024K)]
  0x000001afd6039320 JavaThread "Thread-15"                  daemon [_thread_in_native, id=37560, stack(0x000000024d900000,0x000000024da00000) (1024K)]
  0x000001afd603a6d0 JavaThread "Thread-16"                  daemon [_thread_in_native, id=1712, stack(0x000000024da00000,0x000000024db00000) (1024K)]
  0x000001afd603ce30 JavaThread "Thread-17"                  daemon [_thread_in_native, id=13764, stack(0x000000024db00000,0x000000024dc00000) (1024K)]
  0x000001afd60399b0 JavaThread "pool-2-thread-1"                   [_thread_blocked, id=34416, stack(0x000000024dc00000,0x000000024dd00000) (1024K)]
  0x000001afd603d4c0 JavaThread "WorkspaceEventsHandler"            [_thread_blocked, id=21268, stack(0x000000024dd00000,0x000000024de00000) (1024K)]
  0x000001afd603db50 JavaThread "pool-1-thread-1"                   [_thread_blocked, id=37576, stack(0x000000024de00000,0x000000024df00000) (1024K)]
  0x000001afd6956d10 JavaThread "Cleaner-0"                  daemon [_thread_blocked, id=25212, stack(0x000000024c600000,0x000000024c700000) (1024K)]
  0x000001afd603f590 JavaThread "Worker-11"                         [_thread_blocked, id=37056, stack(0x000000024af00000,0x000000024b000000) (1024K)]
  0x000001afd60402b0 JavaThread "Worker-12"                         [_thread_blocked, id=32608, stack(0x0000000249b00000,0x0000000249c00000) (1024K)]
  0x000001afd603fc20 JavaThread "ForkJoinPool.commonPool-worker-31" daemon [_thread_blocked, id=30316, stack(0x0000000249a00000,0x0000000249b00000) (1024K)]
  0x000001afd603e1e0 JavaThread "ForkJoinPool.commonPool-worker-32" daemon [_thread_blocked, id=38832, stack(0x0000000249c00000,0x0000000249d00000) (1024K)]
  0x000001afd603ef00 JavaThread "ForkJoinPool.commonPool-worker-33" daemon [_thread_blocked, id=15984, stack(0x000000024a900000,0x000000024aa00000) (1024K)]
  0x000001afd6951e50 JavaThread "ForkJoinPool.commonPool-worker-34" daemon [_thread_blocked, id=7300, stack(0x000000024ac00000,0x000000024ad00000) (1024K)]
  0x000001afd6950410 JavaThread "ForkJoinPool.commonPool-worker-35" daemon [_thread_blocked, id=28628, stack(0x000000024ad00000,0x000000024ae00000) (1024K)]
  0x000001afd69524e0 JavaThread "ForkJoinPool.commonPool-worker-36" daemon [_thread_blocked, id=13776, stack(0x000000024c300000,0x000000024c400000) (1024K)]
  0x000001afd694fd80 JavaThread "Worker-14"                         [_thread_blocked, id=38192, stack(0x000000024c400000,0x000000024c500000) (1024K)]
  0x000001afd6954c40 JavaThread "Compiler Source File Reader" daemon [_thread_blocked, id=41092, stack(0x000000024c800000,0x000000024c900000) (1024K)]
  0x000001afd6955ff0 JavaThread "Compiler Processing Task"   daemon [_thread_blocked, id=6488, stack(0x000000024c900000,0x000000024ca00000) (1024K)]
  0x000001afd641d260 JavaThread "C1 CompilerThread1"         daemon [_thread_blocked, id=9864, stack(0x000000024c700000,0x000000024c800000) (1024K)]
  0x000001afd6421680 JavaThread "C1 CompilerThread2"         daemon [_thread_blocked, id=39844, stack(0x000000024ca00000,0x000000024cb00000) (1024K)]
Total: 54

Other Threads:
  0x000001aff41a4090 VMThread "VM Thread"                           [id=29492, stack(0x000000024a000000,0x000000024a100000) (1024K)]
  0x000001aff409ca00 WatcherThread "VM Periodic Task Thread"        [id=35068, stack(0x0000000249f00000,0x000000024a000000) (1024K)]
  0x000001aff423f2c0 WorkerThread "GC Thread#0"                     [id=24688, stack(0x0000000249e00000,0x0000000249f00000) (1024K)]
  0x000001affe940cb0 WorkerThread "GC Thread#1"                     [id=18960, stack(0x000000024b000000,0x000000024b100000) (1024K)]
  0x000001afff00a660 WorkerThread "GC Thread#2"                     [id=36916, stack(0x000000024b100000,0x000000024b200000) (1024K)]
  0x000001afff00aa10 WorkerThread "GC Thread#3"                     [id=13800, stack(0x000000024b200000,0x000000024b300000) (1024K)]
  0x000001affeda4380 WorkerThread "GC Thread#4"                     [id=22364, stack(0x000000024b300000,0x000000024b400000) (1024K)]
  0x000001afd4247ce0 WorkerThread "GC Thread#5"                     [id=19824, stack(0x000000024b400000,0x000000024b500000) (1024K)]
  0x000001afd4248090 WorkerThread "GC Thread#6"                     [id=36628, stack(0x000000024b500000,0x000000024b600000) (1024K)]
  0x000001affef8d5d0 WorkerThread "GC Thread#7"                     [id=37244, stack(0x000000024b700000,0x000000024b800000) (1024K)]
  0x000001afd41ceff0 WorkerThread "GC Thread#8"                     [id=28956, stack(0x000000024bb00000,0x000000024bc00000) (1024K)]
  0x000001afd41cf3a0 WorkerThread "GC Thread#9"                     [id=34436, stack(0x000000024bc00000,0x000000024bd00000) (1024K)]
  0x000001afd4512180 WorkerThread "GC Thread#10"                    [id=37844, stack(0x000000024bd00000,0x000000024be00000) (1024K)]
  0x000001afd43187a0 WorkerThread "GC Thread#11"                    [id=33688, stack(0x000000024aa00000,0x000000024ab00000) (1024K)]
  0x000001afd4105d40 WorkerThread "GC Thread#12"                    [id=29024, stack(0x000000024c100000,0x000000024c200000) (1024K)]
Total: 15

Threads with active compile tasks:
C2 CompilerThread0  25988457 16167       4       java.lang.Class::getField0 (99 bytes)
Total: 1

VM state: not at safepoint (normal execution)

VM Mutex/Monitor currently owned by a thread: None

Heap address: 0x0000000080000000, size: 2048 MB, Compressed Oops mode: 32-bit

CDS archive(s) mapped at: [0x000001af8f000000-0x000001af8fba0000-0x000001af8fba0000), size 12189696, SharedBaseAddress: 0x000001af8f000000, ArchiveRelocationMode: 1.
Compressed class space mapped at: 0x000001af90000000-0x000001afd0000000, reserved size: 1073741824
Narrow klass base: 0x000001af8f000000, Narrow klass shift: 0, Narrow klass range: 0x100000000

GC Precious Log:
 CardTable entry size: 512
 CPUs: 16 total, 16 available
 Memory: 7549M
 Large Page Support: Disabled
 NUMA Support: Disabled
 Compressed Oops: Enabled (32-bit)
 Alignments: Space 512K, Generation 512K, Heap 2M
 Heap Min Capacity: 100M
 Heap Initial Capacity: 100M
 Heap Max Capacity: 2G
 Pre-touch: Disabled
 Parallel Workers: 13

Heap:
 PSYoungGen      total 11776K, used 8062K [0x00000000d5580000, 0x00000000d6580000, 0x0000000100000000)
  eden space 10240K, 65% used [0x00000000d5580000,0x00000000d5c0e2f0,0x00000000d5f80000)
  from space 1536K, 87% used [0x00000000d6400000,0x00000000d6551560,0x00000000d6580000)
  to   space 1536K, 0% used [0x00000000d6280000,0x00000000d6280000,0x00000000d6400000)
 ParOldGen       total 315392K, used 315199K [0x0000000080000000, 0x0000000093400000, 0x00000000d5580000)
  object space 315392K, 99% used [0x0000000080000000,0x00000000933cfee8,0x0000000093400000)
 Metaspace       used 75552K, committed 77184K, reserved 1179648K
  class space    used 7747K, committed 8448K, reserved 1048576K

Card table byte_map: [0x000001aff3bb0000,0x000001aff3fc0000] _byte_map_base: 0x000001aff37b0000

Marking Bits: (ParMarkBitMap*) 0x00007ffad0313450
 Begin Bits: [0x000001aff76c0000, 0x000001aff96c0000)
 End Bits:   [0x000001aff96c0000, 0x000001affb6c0000)

Polling page: 0x000001aff2260000

Metaspace:

Usage:
  Non-class:     66.22 MB used.
      Class:      7.57 MB used.
       Both:     73.78 MB used.

Virtual space:
  Non-class space:      128.00 MB reserved,      67.12 MB ( 52%) committed,  2 nodes.
      Class space:        1.00 GB reserved,       8.25 MB ( <1%) committed,  1 nodes.
             Both:        1.12 GB reserved,      75.38 MB (  7%) committed. 

Chunk freelists:
   Non-Class:  12.81 MB
       Class:  7.59 MB
        Both:  20.40 MB

MaxMetaspaceSize: unlimited
CompressedClassSpaceSize: 1.00 GB
Initial GC threshold: 21.00 MB
Current GC threshold: 97.31 MB
CDS: on
 - commit_granule_bytes: 65536.
 - commit_granule_words: 8192.
 - virtual_space_node_default_size: 8388608.
 - enlarge_chunks_in_place: 1.
 - use_allocation_guard: 0.


Internal statistics:

num_allocs_failed_limit: 9.
num_arena_births: 1388.
num_arena_deaths: 16.
num_vsnodes_births: 3.
num_vsnodes_deaths: 0.
num_space_committed: 1206.
num_space_uncommitted: 0.
num_chunks_returned_to_freelist: 25.
num_chunks_taken_from_freelist: 5035.
num_chunk_merges: 14.
num_chunk_splits: 3083.
num_chunks_enlarged: 1718.
num_inconsistent_stats: 0.

CodeHeap 'non-profiled nmethods': size=119168Kb used=12354Kb max_used=12354Kb free=106814Kb
 bounds [0x000001af87ba0000, 0x000001af887c0000, 0x000001af8f000000]
CodeHeap 'profiled nmethods': size=119104Kb used=37661Kb max_used=37661Kb free=81442Kb
 bounds [0x000001af80000000, 0x000001af824d0000, 0x000001af87450000]
CodeHeap 'non-nmethods': size=7488Kb used=2600Kb max_used=3218Kb free=4887Kb
 bounds [0x000001af87450000, 0x000001af87780000, 0x000001af87ba0000]
CodeCache: size=245760Kb, used=52615Kb, max_used=53233Kb, free=193143Kb
 total_blobs=16144, nmethods=15351, adapters=695, full_count=0
Compilation: enabled, stopped_count=0, restarted_count=0

Compilation events (20 events):
Event: 25988.292 Thread 0x000001afd641d260 16171       3       org.eclipse.jdt.core.dom.Modifier::isAbstract (12 bytes)
Event: 25988.293 Thread 0x000001afd641d260 nmethod 16171 0x000001af824b3490 code [0x000001af824b3640, 0x000001af824b3798]
Event: 25988.293 Thread 0x000001afd641d260 16172       3       org.eclipse.jdt.core.dom.Modifier::isStatic (11 bytes)
Event: 25988.293 Thread 0x000001afd641d260 nmethod 16172 0x000001af824b3810 code [0x000001af824b39c0, 0x000001af824b3b10]
Event: 25988.293 Thread 0x000001afd641d260 16173       3       org.eclipse.jdt.core.dom.Modifier::isFinal (11 bytes)
Event: 25988.293 Thread 0x000001afd641d260 nmethod 16173 0x000001af824b3b90 code [0x000001af824b3d40, 0x000001af824b3e90]
Event: 25988.293 Thread 0x000001afd641d260 16174       3       org.eclipse.jdt.core.dom.Modifier::isNative (12 bytes)
Event: 25988.293 Thread 0x000001afd6421680 nmethod 16175 0x000001af824b3f10 code [0x000001af824b42e0, 0x000001af824b5e40]
Event: 25988.293 Thread 0x000001afd641d260 nmethod 16174 0x000001af824b6410 code [0x000001af824b65c0, 0x000001af824b6718]
Event: 25988.294 Thread 0x000001afd641d260 16176       3       org.eclipse.jdt.ls.core.internal.semantictokens.TokenModifier::checkJavaModifiers (147 bytes)
Event: 25988.294 Thread 0x000001afd6421680 16178  s    3       org.eclipse.jdt.core.dom.DefaultBindingResolver::getTypeBinding (7 bytes)
Event: 25988.294 Thread 0x000001afd6421680 nmethod 16178 0x000001af824b6790 code [0x000001af824b6940, 0x000001af824b6b50]
Event: 25988.294 Thread 0x000001afd6421680 16179       3       org.eclipse.jdt.core.dom.SimpleType::accept0 (46 bytes)
Event: 25988.295 Thread 0x000001afd6421680 nmethod 16179 0x000001af824b6c10 code [0x000001af824b6e20, 0x000001af824b72a8]
Event: 25988.295 Thread 0x000001afd6421680 16184       1       org.eclipse.jdt.core.dom.MethodBinding::getKind (2 bytes)
Event: 25988.295 Thread 0x000001afd6421680 nmethod 16184 0x000001af887b0210 code [0x000001af887b03a0, 0x000001af887b0468]
Event: 25988.295 Thread 0x000001afd641d260 nmethod 16176 0x000001af824b7490 code [0x000001af824b76c0, 0x000001af824b8028]
Event: 25988.295 Thread 0x000001afd6421680 16180       1       org.eclipse.jdt.core.dom.ASTVisitor::visit (2 bytes)
Event: 25988.296 Thread 0x000001afd6421680 nmethod 16180 0x000001af887b0510 code [0x000001af887b06a0, 0x000001af887b0768]
Event: 25988.298 Thread 0x000001affcf7e730 nmethod 16168 0x000001af824b8390 code [0x000001af824b9280, 0x000001af824c5260]

GC Heap History (20 events):
Event: 25970.504 GC heap before
{Heap before GC invocations=146 (full 3):
 PSYoungGen      total 11776K, used 11654K [0x00000000d5580000, 0x00000000d6b00000, 0x0000000100000000)
  eden space 10240K, 100% used [0x00000000d5580000,0x00000000d5f80000,0x00000000d5f80000)
  from space 1536K, 92% used [0x00000000d6980000,0x00000000d6ae1800,0x00000000d6b00000)
  to   space 1536K, 0% used [0x00000000d6800000,0x00000000d6800000,0x00000000d6980000)
 ParOldGen       total 268288K, used 267792K [0x0000000080000000, 0x0000000090600000, 0x00000000d5580000)
  object space 268288K, 99% used [0x0000000080000000,0x0000000090584038,0x0000000090600000)
 Metaspace       used 74843K, committed 76544K, reserved 1179648K
  class space    used 7733K, committed 8448K, reserved 1048576K
}
Event: 25970.510 GC heap after
{Heap after GC invocations=146 (full 3):
 PSYoungGen      total 11776K, used 1203K [0x00000000d5580000, 0x00000000d6a00000, 0x0000000100000000)
  eden space 10240K, 0% used [0x00000000d5580000,0x00000000d5580000,0x00000000d5f80000)
  from space 1536K, 78% used [0x00000000d6800000,0x00000000d692ce88,0x00000000d6980000)
  to   space 512K, 0% used [0x00000000d6980000,0x00000000d6980000,0x00000000d6a00000)
 ParOldGen       total 269312K, used 269064K [0x0000000080000000, 0x0000000090700000, 0x00000000d5580000)
  object space 269312K, 99% used [0x0000000080000000,0x00000000906c2078,0x0000000090700000)
 Metaspace       used 74843K, committed 76544K, reserved 1179648K
  class space    used 7733K, committed 8448K, reserved 1048576K
}
Event: 25971.313 GC heap before
{Heap before GC invocations=147 (full 3):
 PSYoungGen      total 11776K, used 11443K [0x00000000d5580000, 0x00000000d6a00000, 0x0000000100000000)
  eden space 10240K, 100% used [0x00000000d5580000,0x00000000d5f80000,0x00000000d5f80000)
  from space 1536K, 78% used [0x00000000d6800000,0x00000000d692ce88,0x00000000d6980000)
  to   space 512K, 0% used [0x00000000d6980000,0x00000000d6980000,0x00000000d6a00000)
 ParOldGen       total 269312K, used 269064K [0x0000000080000000, 0x0000000090700000, 0x00000000d5580000)
  object space 269312K, 99% used [0x0000000080000000,0x00000000906c2078,0x0000000090700000)
 Metaspace       used 75019K, committed 76672K, reserved 1179648K
  class space    used 7734K, committed 8448K, reserved 1048576K
}
Event: 25971.318 GC heap after
{Heap after GC invocations=147 (full 3):
 PSYoungGen      total 10752K, used 512K [0x00000000d5580000, 0x00000000d6a00000, 0x0000000100000000)
  eden space 10240K, 0% used [0x00000000d5580000,0x00000000d5580000,0x00000000d5f80000)
  from space 512K, 100% used [0x00000000d6980000,0x00000000d6a00000,0x00000000d6a00000)
  to   space 2560K, 0% used [0x00000000d6500000,0x00000000d6500000,0x00000000d6780000)
 ParOldGen       total 270848K, used 270565K [0x0000000080000000, 0x0000000090880000, 0x00000000d5580000)
  object space 270848K, 99% used [0x0000000080000000,0x0000000090839648,0x0000000090880000)
 Metaspace       used 75019K, committed 76672K, reserved 1179648K
  class space    used 7734K, committed 8448K, reserved 1048576K
}
Event: 25971.594 GC heap before
{Heap before GC invocations=148 (full 3):
 PSYoungGen      total 10752K, used 10752K [0x00000000d5580000, 0x00000000d6a00000, 0x0000000100000000)
  eden space 10240K, 100% used [0x00000000d5580000,0x00000000d5f80000,0x00000000d5f80000)
  from space 512K, 100% used [0x00000000d6980000,0x00000000d6a00000,0x00000000d6a00000)
  to   space 2560K, 0% used [0x00000000d6500000,0x00000000d6500000,0x00000000d6780000)
 ParOldGen       total 270848K, used 270565K [0x0000000080000000, 0x0000000090880000, 0x00000000d5580000)
  object space 270848K, 99% used [0x0000000080000000,0x0000000090839648,0x0000000090880000)
 Metaspace       used 75112K, committed 76800K, reserved 1179648K
  class space    used 7736K, committed 8448K, reserved 1048576K
}
Event: 25971.600 GC heap after
{Heap after GC invocations=148 (full 3):
 PSYoungGen      total 12800K, used 1140K [0x00000000d5580000, 0x00000000d6a00000, 0x0000000100000000)
  eden space 10240K, 0% used [0x00000000d5580000,0x00000000d5580000,0x00000000d5f80000)
  from space 2560K, 44% used [0x00000000d6500000,0x00000000d661d200,0x00000000d6780000)
  to   space 1536K, 0% used [0x00000000d6880000,0x00000000d6880000,0x00000000d6a00000)
 ParOldGen       total 271360K, used 271051K [0x0000000080000000, 0x0000000090900000, 0x00000000d5580000)
  object space 271360K, 99% used [0x0000000080000000,0x00000000908b2e58,0x0000000090900000)
 Metaspace       used 75112K, committed 76800K, reserved 1179648K
  class space    used 7736K, committed 8448K, reserved 1048576K
}
Event: 25971.742 GC heap before
{Heap before GC invocations=149 (full 3):
 PSYoungGen      total 12800K, used 11380K [0x00000000d5580000, 0x00000000d6a00000, 0x0000000100000000)
  eden space 10240K, 100% used [0x00000000d5580000,0x00000000d5f80000,0x00000000d5f80000)
  from space 2560K, 44% used [0x00000000d6500000,0x00000000d661d200,0x00000000d6780000)
  to   space 1536K, 0% used [0x00000000d6880000,0x00000000d6880000,0x00000000d6a00000)
 ParOldGen       total 271360K, used 271051K [0x0000000080000000, 0x0000000090900000, 0x00000000d5580000)
  object space 271360K, 99% used [0x0000000080000000,0x00000000908b2e58,0x0000000090900000)
 Metaspace       used 75127K, committed 76800K, reserved 1179648K
  class space    used 7737K, committed 8448K, reserved 1048576K
}
Event: 25971.749 GC heap after
{Heap after GC invocations=149 (full 3):
 PSYoungGen      total 11776K, used 1216K [0x00000000d5580000, 0x00000000d6a00000, 0x0000000100000000)
  eden space 10240K, 0% used [0x00000000d5580000,0x00000000d5580000,0x00000000d5f80000)
  from space 1536K, 79% used [0x00000000d6880000,0x00000000d69b0000,0x00000000d6a00000)
  to   space 1536K, 0% used [0x00000000d6700000,0x00000000d6700000,0x00000000d6880000)
 ParOldGen       total 272384K, used 271970K [0x0000000080000000, 0x0000000090a00000, 0x00000000d5580000)
  object space 272384K, 99% used [0x0000000080000000,0x00000000909989a0,0x0000000090a00000)
 Metaspace       used 75127K, committed 76800K, reserved 1179648K
  class space    used 7737K, committed 8448K, reserved 1048576K
}
Event: 25974.313 GC heap before
{Heap before GC invocations=150 (full 3):
 PSYoungGen      total 11776K, used 10984K [0x00000000d5580000, 0x00000000d6a00000, 0x0000000100000000)
  eden space 10240K, 95% used [0x00000000d5580000,0x00000000d5f0a3d0,0x00000000d5f80000)
  from space 1536K, 79% used [0x00000000d6880000,0x00000000d69b0000,0x00000000d6a00000)
  to   space 1536K, 0% used [0x00000000d6700000,0x00000000d6700000,0x00000000d6880000)
 ParOldGen       total 272384K, used 271970K [0x0000000080000000, 0x0000000090a00000, 0x00000000d5580000)
  object space 272384K, 99% used [0x0000000080000000,0x00000000909989a0,0x0000000090a00000)
 Metaspace       used 75211K, committed 76864K, reserved 1179648K
  class space    used 7743K, committed 8448K, reserved 1048576K
}
Event: 25974.326 GC heap after
{Heap after GC invocations=150 (full 3):
 PSYoungGen      total 11776K, used 1515K [0x00000000d5580000, 0x00000000d6900000, 0x0000000100000000)
  eden space 10240K, 0% used [0x00000000d5580000,0x00000000d5580000,0x00000000d5f80000)
  from space 1536K, 98% used [0x00000000d6700000,0x00000000d687adb8,0x00000000d6880000)
  to   space 512K, 0% used [0x00000000d6880000,0x00000000d6880000,0x00000000d6900000)
 ParOldGen       total 274432K, used 273814K [0x0000000080000000, 0x0000000090c00000, 0x00000000d5580000)
  object space 274432K, 99% used [0x0000000080000000,0x0000000090b65b90,0x0000000090c00000)
 Metaspace       used 75211K, committed 76864K, reserved 1179648K
  class space    used 7743K, committed 8448K, reserved 1048576K
}
Event: 25974.978 GC heap before
{Heap before GC invocations=151 (full 3):
 PSYoungGen      total 11776K, used 11752K [0x00000000d5580000, 0x00000000d6900000, 0x0000000100000000)
  eden space 10240K, 99% used [0x00000000d5580000,0x00000000d5f7f318,0x00000000d5f80000)
  from space 1536K, 98% used [0x00000000d6700000,0x00000000d687adb8,0x00000000d6880000)
  to   space 512K, 0% used [0x00000000d6880000,0x00000000d6880000,0x00000000d6900000)
 ParOldGen       total 274432K, used 273814K [0x0000000080000000, 0x0000000090c00000, 0x00000000d5580000)
  object space 274432K, 99% used [0x0000000080000000,0x0000000090b65b90,0x0000000090c00000)
 Metaspace       used 75234K, committed 76864K, reserved 1179648K
  class space    used 7743K, committed 8448K, reserved 1048576K
}
Event: 25974.986 GC heap after
{Heap after GC invocations=151 (full 3):
 PSYoungGen      total 10752K, used 507K [0x00000000d5580000, 0x00000000d7080000, 0x0000000100000000)
  eden space 10240K, 0% used [0x00000000d5580000,0x00000000d5580000,0x00000000d5f80000)
  from space 512K, 99% used [0x00000000d6880000,0x00000000d68fed58,0x00000000d6900000)
  to   space 8704K, 0% used [0x00000000d5f80000,0x00000000d5f80000,0x00000000d6800000)
 ParOldGen       total 281088K, used 280926K [0x0000000080000000, 0x0000000091280000, 0x00000000d5580000)
  object space 281088K, 99% used [0x0000000080000000,0x0000000091257a38,0x0000000091280000)
 Metaspace       used 75234K, committed 76864K, reserved 1179648K
  class space    used 7743K, committed 8448K, reserved 1048576K
}
Event: 25975.391 GC heap before
{Heap before GC invocations=152 (full 3):
 PSYoungGen      total 10752K, used 10747K [0x00000000d5580000, 0x00000000d7080000, 0x0000000100000000)
  eden space 10240K, 100% used [0x00000000d5580000,0x00000000d5f80000,0x00000000d5f80000)
  from space 512K, 99% used [0x00000000d6880000,0x00000000d68fed58,0x00000000d6900000)
  to   space 8704K, 0% used [0x00000000d5f80000,0x00000000d5f80000,0x00000000d6800000)
 ParOldGen       total 281088K, used 280926K [0x0000000080000000, 0x0000000091280000, 0x00000000d5580000)
  object space 281088K, 99% used [0x0000000080000000,0x0000000091257a38,0x0000000091280000)
 Metaspace       used 75269K, committed 76928K, reserved 1179648K
  class space    used 7743K, committed 8448K, reserved 1048576K
}
Event: 25975.398 GC heap after
{Heap after GC invocations=152 (full 3):
 PSYoungGen      total 11776K, used 1472K [0x00000000d5580000, 0x00000000d6900000, 0x0000000100000000)
  eden space 10240K, 0% used [0x00000000d5580000,0x00000000d5580000,0x00000000d5f80000)
  from space 1536K, 95% used [0x00000000d5f80000,0x00000000d60f0020,0x00000000d6100000)
  to   space 4096K, 0% used [0x00000000d6500000,0x00000000d6500000,0x00000000d6900000)
 ParOldGen       total 281600K, used 281441K [0x0000000080000000, 0x0000000091300000, 0x00000000d5580000)
  object space 281600K, 99% used [0x0000000080000000,0x00000000912d84f8,0x0000000091300000)
 Metaspace       used 75269K, committed 76928K, reserved 1179648K
  class space    used 7743K, committed 8448K, reserved 1048576K
}
Event: 25976.925 GC heap before
{Heap before GC invocations=153 (full 3):
 PSYoungGen      total 11776K, used 11712K [0x00000000d5580000, 0x00000000d6900000, 0x0000000100000000)
  eden space 10240K, 100% used [0x00000000d5580000,0x00000000d5f80000,0x00000000d5f80000)
  from space 1536K, 95% used [0x00000000d5f80000,0x00000000d60f0020,0x00000000d6100000)
  to   space 4096K, 0% used [0x00000000d6500000,0x00000000d6500000,0x00000000d6900000)
 ParOldGen       total 313344K, used 312161K [0x0000000080000000, 0x0000000093200000, 0x00000000d5580000)
  object space 313344K, 99% used [0x0000000080000000,0x00000000930d8528,0x0000000093200000)
 Metaspace       used 75417K, committed 77056K, reserved 1179648K
  class space    used 7743K, committed 8448K, reserved 1048576K
}
Event: 25976.930 GC heap after
{Heap after GC invocations=153 (full 3):
 PSYoungGen      total 11776K, used 1236K [0x00000000d5580000, 0x00000000d6680000, 0x0000000100000000)
  eden space 10240K, 0% used [0x00000000d5580000,0x00000000d5580000,0x00000000d5f80000)
  from space 1536K, 80% used [0x00000000d6500000,0x00000000d6635220,0x00000000d6680000)
  to   space 2048K, 0% used [0x00000000d6280000,0x00000000d6280000,0x00000000d6480000)
 ParOldGen       total 313344K, used 313331K [0x0000000080000000, 0x0000000093200000, 0x00000000d5580000)
  object space 313344K, 99% used [0x0000000080000000,0x00000000931fce48,0x0000000093200000)
 Metaspace       used 75417K, committed 77056K, reserved 1179648K
  class space    used 7743K, committed 8448K, reserved 1048576K
}
Event: 25977.106 GC heap before
{Heap before GC invocations=154 (full 3):
 PSYoungGen      total 11776K, used 11476K [0x00000000d5580000, 0x00000000d6680000, 0x0000000100000000)
  eden space 10240K, 100% used [0x00000000d5580000,0x00000000d5f80000,0x00000000d5f80000)
  from space 1536K, 80% used [0x00000000d6500000,0x00000000d6635220,0x00000000d6680000)
  to   space 2048K, 0% used [0x00000000d6280000,0x00000000d6280000,0x00000000d6480000)
 ParOldGen       total 313344K, used 313331K [0x0000000080000000, 0x0000000093200000, 0x00000000d5580000)
  object space 313344K, 99% used [0x0000000080000000,0x00000000931fce48,0x0000000093200000)
 Metaspace       used 75464K, committed 77120K, reserved 1179648K
  class space    used 7743K, committed 8448K, reserved 1048576K
}
Event: 25977.117 GC heap after
{Heap after GC invocations=154 (full 3):
 PSYoungGen      total 11776K, used 1120K [0x00000000d5580000, 0x00000000d6580000, 0x0000000100000000)
  eden space 10240K, 0% used [0x00000000d5580000,0x00000000d5580000,0x00000000d5f80000)
  from space 1536K, 72% used [0x00000000d6280000,0x00000000d6398000,0x00000000d6400000)
  to   space 1536K, 0% used [0x00000000d6400000,0x00000000d6400000,0x00000000d6580000)
 ParOldGen       total 314880K, used 314387K [0x0000000080000000, 0x0000000093380000, 0x00000000d5580000)
  object space 314880K, 99% used [0x0000000080000000,0x0000000093304eb8,0x0000000093380000)
 Metaspace       used 75464K, committed 77120K, reserved 1179648K
  class space    used 7743K, committed 8448K, reserved 1048576K
}
Event: 25977.260 GC heap before
{Heap before GC invocations=155 (full 3):
 PSYoungGen      total 11776K, used 11360K [0x00000000d5580000, 0x00000000d6580000, 0x0000000100000000)
  eden space 10240K, 100% used [0x00000000d5580000,0x00000000d5f80000,0x00000000d5f80000)
  from space 1536K, 72% used [0x00000000d6280000,0x00000000d6398000,0x00000000d6400000)
  to   space 1536K, 0% used [0x00000000d6400000,0x00000000d6400000,0x00000000d6580000)
 ParOldGen       total 314880K, used 314387K [0x0000000080000000, 0x0000000093380000, 0x00000000d5580000)
  object space 314880K, 99% used [0x0000000080000000,0x0000000093304eb8,0x0000000093380000)
 Metaspace       used 75474K, committed 77120K, reserved 1179648K
  class space    used 7743K, committed 8448K, reserved 1048576K
}
Event: 25977.271 GC heap after
{Heap after GC invocations=155 (full 3):
 PSYoungGen      total 11776K, used 1349K [0x00000000d5580000, 0x00000000d6580000, 0x0000000100000000)
  eden space 10240K, 0% used [0x00000000d5580000,0x00000000d5580000,0x00000000d5f80000)
  from space 1536K, 87% used [0x00000000d6400000,0x00000000d6551560,0x00000000d6580000)
  to   space 1536K, 0% used [0x00000000d6280000,0x00000000d6280000,0x00000000d6400000)
 ParOldGen       total 315392K, used 315199K [0x0000000080000000, 0x0000000093400000, 0x00000000d5580000)
  object space 315392K, 99% used [0x0000000080000000,0x00000000933cfee8,0x0000000093400000)
 Metaspace       used 75474K, committed 77120K, reserved 1179648K
  class space    used 7743K, committed 8448K, reserved 1048576K
}

Dll operation events (10 events):
Event: 0.030 Loaded shared library c:\Users\ISABELLA\.vscode\extensions\redhat.java-1.53.0-win32-x64\jre\21.0.10-win32-x86_64\bin\java.dll
Event: 0.211 Loaded shared library c:\Users\ISABELLA\.vscode\extensions\redhat.java-1.53.0-win32-x64\jre\21.0.10-win32-x86_64\bin\zip.dll
Event: 0.248 Loaded shared library C:\Users\ISABELLA\.vscode\extensions\redhat.java-1.53.0-win32-x64\jre\21.0.10-win32-x86_64\bin\instrument.dll
Event: 0.263 Loaded shared library C:\Users\ISABELLA\.vscode\extensions\redhat.java-1.53.0-win32-x64\jre\21.0.10-win32-x86_64\bin\net.dll
Event: 0.269 Loaded shared library C:\Users\ISABELLA\.vscode\extensions\redhat.java-1.53.0-win32-x64\jre\21.0.10-win32-x86_64\bin\nio.dll
Event: 0.277 Loaded shared library C:\Users\ISABELLA\.vscode\extensions\redhat.java-1.53.0-win32-x64\jre\21.0.10-win32-x86_64\bin\zip.dll
Event: 0.318 Loaded shared library C:\Users\ISABELLA\.vscode\extensions\redhat.java-1.53.0-win32-x64\jre\21.0.10-win32-x86_64\bin\jimage.dll
Event: 0.538 Loaded shared library c:\Users\ISABELLA\.vscode\extensions\redhat.java-1.53.0-win32-x64\jre\21.0.10-win32-x86_64\bin\verify.dll
Event: 2.283 Loaded shared library C:\Users\ISABELLA\AppData\Roaming\Code\User\globalStorage\redhat.java\1.53.0\config_win\org.eclipse.equinox.launcher\org.eclipse.equinox.launcher.win32.win32.x86_64_1.3.0.v20260203-2149\eclipse_11919.dll
Event: 4.065 Loaded shared library C:\Users\ISABELLA\AppData\Local\Temp\jna-948475303\jna7226681480823043327.dll

Deoptimization events (20 events):
Event: 25974.043 Thread 0x000001afd46503e0 Uncommon trap: trap_request=0xffffffc6 fr.pc=0x000001af8868fcf0 relative=0x0000000000000930
Event: 25974.043 Thread 0x000001afd46503e0 Uncommon trap: reason=bimorphic_or_optimized_type_check action=maybe_recompile pc=0x000001af8868fcf0 method=org.eclipse.jdt.internal.compiler.parser.Parser.consumeRule(I)V @ 5541 c2
Event: 25974.043 Thread 0x000001afd46503e0 DEOPT PACKING pc=0x000001af8868fcf0 sp=0x000000024c5feb90
Event: 25974.044 Thread 0x000001afd46503e0 DEOPT UNPACKING pc=0x000001af874a3aa2 sp=0x000000024c5feb10 mode 2
Event: 25974.044 Thread 0x000001afd46503e0 Uncommon trap: trap_request=0xffffffc6 fr.pc=0x000001af8868fc98 relative=0x00000000000008d8
Event: 25974.044 Thread 0x000001afd46503e0 Uncommon trap: reason=bimorphic_or_optimized_type_check action=maybe_recompile pc=0x000001af8868fc98 method=org.eclipse.jdt.internal.compiler.parser.Parser.consumeRule(I)V @ 4516 c2
Event: 25974.044 Thread 0x000001afd46503e0 DEOPT PACKING pc=0x000001af8868fc98 sp=0x000000024c5feb90
Event: 25974.044 Thread 0x000001afd46503e0 DEOPT UNPACKING pc=0x000001af874a3aa2 sp=0x000000024c5feb10 mode 2
Event: 25974.996 Thread 0x000001afd60402b0 Uncommon trap: trap_request=0xffffff45 fr.pc=0x000001af87d4bda8 relative=0x00000000000009a8
Event: 25974.996 Thread 0x000001afd60402b0 Uncommon trap: reason=unstable_if action=reinterpret pc=0x000001af87d4bda8 method=org.eclipse.jdt.internal.compiler.util.CharDeduplication.sharedCopyOfRange([CII)[C @ 147 c2
Event: 25974.996 Thread 0x000001afd60402b0 DEOPT PACKING pc=0x000001af87d4bda8 sp=0x0000000249bfc990
Event: 25974.996 Thread 0x000001afd60402b0 DEOPT UNPACKING pc=0x000001af874a3aa2 sp=0x0000000249bfc930 mode 2
Event: 25975.020 Thread 0x000001afd60402b0 Uncommon trap: trap_request=0xffffff45 fr.pc=0x000001af886ab1a0 relative=0x0000000000000080
Event: 25975.020 Thread 0x000001afd60402b0 Uncommon trap: reason=unstable_if action=reinterpret pc=0x000001af886ab1a0 method=org.eclipse.jdt.internal.compiler.lookup.TypeBinding.hasTypeAnnotations()Z @ 10 c2
Event: 25975.020 Thread 0x000001afd60402b0 DEOPT PACKING pc=0x000001af886ab1a0 sp=0x0000000249bfce00
Event: 25975.020 Thread 0x000001afd60402b0 DEOPT UNPACKING pc=0x000001af874a3aa2 sp=0x0000000249bfcd90 mode 2
Event: 25977.017 Thread 0x000001afd694fd80 DEOPT PACKING pc=0x000001af819e927e sp=0x000000024c4fd520
Event: 25977.019 Thread 0x000001afd694fd80 DEOPT UNPACKING pc=0x000001af874a4242 sp=0x000000024c4fca80 mode 0
Event: 25977.029 Thread 0x000001afd694fd80 DEOPT PACKING pc=0x000001af818abe65 sp=0x000000024c4fd4a0
Event: 25977.029 Thread 0x000001afd694fd80 DEOPT UNPACKING pc=0x000001af874a4242 sp=0x000000024c4fc8d0 mode 0

Classes loaded (20 events):
Event: 1348.786 Loading class java/lang/Throwable$PrintStreamOrWriter done
Event: 1348.786 Loading class java/lang/Throwable$WrappedPrintWriter done
Event: 1355.930 Loading class jdk/internal/ref/CleanerImpl$InnocuousThreadFactory
Event: 1355.932 Loading class jdk/internal/ref/CleanerImpl$InnocuousThreadFactory done
Event: 1367.010 Loading class java/util/regex/Pattern$Behind
Event: 1367.011 Loading class java/util/regex/Pattern$Behind done
Event: 1367.011 Loading class java/util/regex/Pattern$Neg
Event: 1367.011 Loading class java/util/regex/Pattern$Neg done
Event: 1370.636 Loading class jdk/internal/module/IllegalAccessLogger
Event: 1370.636 Loading class jdk/internal/module/IllegalAccessLogger done
Event: 1386.500 Loading class jdk/internal/module/IllegalAccessLogger
Event: 1386.500 Loading class jdk/internal/module/IllegalAccessLogger done
Event: 25974.079 Loading class java/util/stream/ReduceOps$5
Event: 25974.083 Loading class java/util/stream/ReduceOps$5 done
Event: 25974.085 Loading class java/util/stream/ReduceOps$CountingSink$OfRef
Event: 25974.086 Loading class java/util/stream/ReduceOps$CountingSink
Event: 25974.089 Loading class java/util/stream/ReduceOps$CountingSink done
Event: 25974.089 Loading class java/util/stream/ReduceOps$CountingSink$OfRef done
Event: 25975.045 Loading class jdk/internal/module/IllegalAccessLogger
Event: 25975.045 Loading class jdk/internal/module/IllegalAccessLogger done

Classes unloaded (8 events):
Event: 5.107 Thread 0x000001aff41a4090 Unloading class 0x000001af901a9800 'java/lang/invoke/LambdaForm$MH+0x000001af901a9800'
Event: 5.107 Thread 0x000001aff41a4090 Unloading class 0x000001af901a9400 'java/lang/invoke/LambdaForm$MH+0x000001af901a9400'
Event: 5.107 Thread 0x000001aff41a4090 Unloading class 0x000001af901a9000 'java/lang/invoke/LambdaForm$MH+0x000001af901a9000'
Event: 5.107 Thread 0x000001aff41a4090 Unloading class 0x000001af901a8c00 'java/lang/invoke/LambdaForm$MH+0x000001af901a8c00'
Event: 5.107 Thread 0x000001aff41a4090 Unloading class 0x000001af901a8800 'java/lang/invoke/LambdaForm$BMH+0x000001af901a8800'
Event: 5.107 Thread 0x000001aff41a4090 Unloading class 0x000001af901a8400 'java/lang/invoke/LambdaForm$DMH+0x000001af901a8400'
Event: 5.107 Thread 0x000001aff41a4090 Unloading class 0x000001af901a3000 'java/lang/invoke/LambdaForm$DMH+0x000001af901a3000'
Event: 18.154 Thread 0x000001aff41a4090 Unloading class 0x000001af905d9800 'java/lang/invoke/LambdaForm$DMH+0x000001af905d9800'

Classes redefined (0 events):
No events

Internal exceptions (20 events):
Event: 1371.151 Thread 0x000001afd81f5610 Exception <a 'java/lang/ArrayIndexOutOfBoundsException'{0x00000000d57394d8}> (0x00000000d57394d8) 
thrown [s\src\hotspot\share\runtime\sharedRuntime.cpp, line 625]
Event: 1371.836 Thread 0x000001afd81f4f80 Exception <a 'sun/nio/fs/WindowsException'{0x00000000d5d82988}> (0x00000000d5d82988) 
thrown [s\src\hotspot\share\prims\jni.cpp, line 520]
Event: 1376.474 Thread 0x000001afd46503e0 Exception <a 'sun/nio/fs/WindowsException'{0x00000000d5855a40}> (0x00000000d5855a40) 
thrown [s\src\hotspot\share\prims\jni.cpp, line 520]
Event: 1386.353 Thread 0x000001afd46503e0 Exception <a 'sun/nio/fs/WindowsException'{0x00000000d56b4fe8}> (0x00000000d56b4fe8) 
thrown [s\src\hotspot\share\prims\jni.cpp, line 520]
Event: 1387.076 Thread 0x000001afd81f5610 Exception <a 'java/lang/ArrayIndexOutOfBoundsException'{0x00000000d5a6be00}> (0x00000000d5a6be00) 
thrown [s\src\hotspot\share\runtime\sharedRuntime.cpp, line 625]
Event: 1621.053 Thread 0x000001afd694fd80 Exception <a 'sun/nio/fs/WindowsException'{0x00000000d5ae5408}> (0x00000000d5ae5408) 
thrown [s\src\hotspot\share\prims\jni.cpp, line 520]
Event: 1621.055 Thread 0x000001afd694fd80 Exception <a 'sun/nio/fs/WindowsException'{0x00000000d5ae5f20}> (0x00000000d5ae5f20) 
thrown [s\src\hotspot\share\prims\jni.cpp, line 520]
Event: 2707.855 Thread 0x000001afd46503e0 Exception <a 'sun/nio/fs/WindowsException'{0x00000000d5bc2a30}> (0x00000000d5bc2a30) 
thrown [s\src\hotspot\share\prims\jni.cpp, line 520]
Event: 2707.869 Thread 0x000001afd46503e0 Exception <a 'sun/nio/fs/WindowsException'{0x00000000d5bd2f28}> (0x00000000d5bd2f28) 
thrown [s\src\hotspot\share\prims\jni.cpp, line 520]
Event: 3008.004 Thread 0x000001afd60402b0 Exception <a 'sun/nio/fs/WindowsException'{0x00000000d57286e0}> (0x00000000d57286e0) 
thrown [s\src\hotspot\share\prims\jni.cpp, line 520]
Event: 3008.006 Thread 0x000001afd60402b0 Exception <a 'sun/nio/fs/WindowsException'{0x00000000d5729218}> (0x00000000d5729218) 
thrown [s\src\hotspot\share\prims\jni.cpp, line 520]
Event: 25892.050 Thread 0x000001afd603db50 Exception <a 'java/lang/IncompatibleClassChangeError'{0x00000000d5778de8}: Found class java.lang.Object, but interface was expected> (0x00000000d5778de8) 
thrown [s\src\hotspot\share\interpreter\linkResolver.cpp, line 840]
Event: 25966.512 Thread 0x000001afd69524e0 Exception <a 'java/lang/ArrayIndexOutOfBoundsException'{0x00000000d5988bc0}> (0x00000000d5988bc0) 
thrown [s\src\hotspot\share\runtime\sharedRuntime.cpp, line 625]
Event: 25966.600 Thread 0x000001afd603db50 Exception <a 'java/lang/IncompatibleClassChangeError'{0x00000000d599e898}: Found class java.lang.Object, but interface was expected> (0x00000000d599e898) 
thrown [s\src\hotspot\share\interpreter\linkResolver.cpp, line 840]
Event: 25966.866 Thread 0x000001afd603db50 Exception <a 'java/lang/IncompatibleClassChangeError'{0x00000000d5b31008}: Found class java.lang.Object, but interface was expected> (0x00000000d5b31008) 
thrown [s\src\hotspot\share\interpreter\linkResolver.cpp, line 840]
Event: 25969.701 Thread 0x000001afd603ef00 Exception <a 'java/lang/LinkageError'{0x00000000d5b2eec0}: loader lombok.launch.ShadowClassLoader @3ba3fa1e attempted duplicate class definition for lombok.launch.PatchFixesHider$ValPortal. (lombok.launch.PatchFixesHider$ValPortal is in unnamed module of loader lombok.launch.ShadowClassLoader @3ba3fa1e, parent loader org.eclipse.osgi.internal.loader.EquinoxClassLoader @3006a38b)> (0x00000000d5b2eec0) 
thrown [s\src\hotspot\share\classfile\systemDictionary.cpp, line 1672]
Event: 25970.282 Thread 0x000001afd69524e0 Implicit null exception at 0x000001af88553c7a to 0x000001af88554578
Event: 25970.283 Thread 0x000001afd69524e0 Implicit null exception at 0x000001af8850f884 to 0x000001af88510048
Event: 25970.445 Thread 0x000001afd69524e0 Exception <a 'java/lang/ArrayIndexOutOfBoundsException'{0x00000000d5ca7e50}> (0x00000000d5ca7e50) 
thrown [s\src\hotspot\share\runtime\sharedRuntime.cpp, line 625]
Event: 25974.012 Thread 0x000001afd46503e0 Exception <a 'sun/nio/fs/WindowsException'{0x00000000d59b7018}> (0x00000000d59b7018) 
thrown [s\src\hotspot\share\prims\jni.cpp, line 520]

ZGC Phase Switch (0 events):
No events

VM Operations (20 events):
Event: 25974.313 Executing safepoint VM operation: ParallelGCFailedAllocation (Allocation Failure)
Event: 25974.326 Executing safepoint VM operation: ParallelGCFailedAllocation (Allocation Failure) done
Event: 25974.977 Executing safepoint VM operation: ParallelGCFailedAllocation (Allocation Failure)
Event: 25974.986 Executing safepoint VM operation: ParallelGCFailedAllocation (Allocation Failure) done
Event: 25975.390 Executing safepoint VM operation: ParallelGCFailedAllocation (Allocation Failure)
Event: 25975.398 Executing safepoint VM operation: ParallelGCFailedAllocation (Allocation Failure) done
Event: 25976.403 Executing safepoint VM operation: Cleanup
Event: 25976.403 Executing safepoint VM operation: Cleanup done
Event: 25976.925 Executing safepoint VM operation: ParallelGCFailedAllocation (Allocation Failure)
Event: 25976.930 Executing safepoint VM operation: ParallelGCFailedAllocation (Allocation Failure) done
Event: 25977.106 Executing safepoint VM operation: ParallelGCFailedAllocation (Allocation Failure)
Event: 25977.117 Executing safepoint VM operation: ParallelGCFailedAllocation (Allocation Failure) done
Event: 25977.260 Executing safepoint VM operation: ParallelGCFailedAllocation (Allocation Failure)
Event: 25977.271 Executing safepoint VM operation: ParallelGCFailedAllocation (Allocation Failure) done
Event: 25978.281 Executing safepoint VM operation: Cleanup
Event: 25978.281 Executing safepoint VM operation: Cleanup done
Event: 25987.347 Executing safepoint VM operation: Cleanup
Event: 25988.270 Executing safepoint VM operation: Cleanup done
Event: 25988.270 Executing non-safepoint VM operation: HandshakeAllThreads (Deoptimize)
Event: 25988.271 Executing non-safepoint VM operation: HandshakeAllThreads (Deoptimize) done

Memory protections (0 events):
No events

Nmethod flushes (20 events):
Event: 18.175 Thread 0x000001aff41a4090 flushing  nmethod 0x000001af80995310
Event: 18.175 Thread 0x000001aff41a4090 flushing osr nmethod 0x000001af8099eb90
Event: 18.175 Thread 0x000001aff41a4090 flushing osr nmethod 0x000001af809a0d10
Event: 18.175 Thread 0x000001aff41a4090 flushing osr nmethod 0x000001af809e1510
Event: 18.175 Thread 0x000001aff41a4090 flushing osr nmethod 0x000001af809e9410
Event: 18.175 Thread 0x000001aff41a4090 flushing  nmethod 0x000001af809ee110
Event: 18.175 Thread 0x000001aff41a4090 flushing  nmethod 0x000001af80a01790
Event: 18.175 Thread 0x000001aff41a4090 flushing  nmethod 0x000001af80a11790
Event: 18.175 Thread 0x000001aff41a4090 flushing  nmethod 0x000001af80a1b290
Event: 18.175 Thread 0x000001aff41a4090 flushing  nmethod 0x000001af80a31010
Event: 18.175 Thread 0x000001aff41a4090 flushing  nmethod 0x000001af80a31610
Event: 18.175 Thread 0x000001aff41a4090 flushing  nmethod 0x000001af80a31c10
Event: 18.175 Thread 0x000001aff41a4090 flushing  nmethod 0x000001af80a32310
Event: 18.175 Thread 0x000001aff41a4090 flushing  nmethod 0x000001af80a32b90
Event: 18.175 Thread 0x000001aff41a4090 flushing  nmethod 0x000001af80a34990
Event: 18.175 Thread 0x000001aff41a4090 flushing  nmethod 0x000001af80a40790
Event: 18.175 Thread 0x000001aff41a4090 flushing osr nmethod 0x000001af80a6d790
Event: 18.175 Thread 0x000001aff41a4090 flushing  nmethod 0x000001af80ab6e90
Event: 18.175 Thread 0x000001aff41a4090 flushing  nmethod 0x000001af80ab8790
Event: 18.175 Thread 0x000001aff41a4090 flushing  nmethod 0x000001af80ac7e90

Events (20 events):
Event: 25966.967 Thread 0x000001affcf7e730 Thread added: 0x000001afd6420210
Event: 25969.535 Thread 0x000001affcf7e730 Thread added: 0x000001afd6421680
Event: 25971.233 Thread 0x000001afd6420210 Thread exited: 0x000001afd6420210
Event: 25971.274 Thread 0x000001afd641d260 Thread added: 0x000001afd6422420
Event: 25973.119 Thread 0x000001afd6421680 Thread exited: 0x000001afd6421680
Event: 25973.119 Thread 0x000001afd641d260 Thread exited: 0x000001afd641d260
Event: 25974.165 Thread 0x000001afd60402b0 Thread added: 0x000001afd694fd80
Event: 25974.600 Thread 0x000001afd60402b0 Thread added: 0x000001afd6954c40
Event: 25975.368 Thread 0x000001afd60402b0 Thread added: 0x000001afd6955ff0
Event: 25975.421 Thread 0x000001affcf7aec0 Thread added: 0x000001afd641eda0
Event: 25976.900 Thread 0x000001afd6422420 Thread exited: 0x000001afd6422420
Event: 25976.960 Thread 0x000001affcf7e730 Thread added: 0x000001afd641d260
Event: 25976.997 Thread 0x000001afd641eda0 Thread added: 0x000001afd6422420
Event: 25976.998 Thread 0x000001afd641eda0 Thread added: 0x000001afd6421680
Event: 25982.414 Thread 0x000001afd6421680 Thread exited: 0x000001afd6421680
Event: 25982.414 Thread 0x000001afd6422420 Thread exited: 0x000001afd6422420
Event: 25982.820 Thread 0x000001afd641d260 Thread exited: 0x000001afd641d260
Event: 25986.562 Thread 0x000001afd641eda0 Thread exited: 0x000001afd641eda0
Event: 25988.289 Thread 0x000001affcf7aec0 Thread added: 0x000001afd641d260
Event: 25988.289 Thread 0x000001affcf7aec0 Thread added: 0x000001afd6421680


Dynamic libraries:
0x00007ff6b0a00000 - 0x00007ff6b0a0e000 	c:\Users\ISABELLA\.vscode\extensions\redhat.java-1.53.0-win32-x64\jre\21.0.10-win32-x86_64\bin\java.exe
0x00007ffbc35e0000 - 0x00007ffbc3847000 	C:\WINDOWS\SYSTEM32\ntdll.dll
0x00007ffb81410000 - 0x00007ffb81430000 	C:\Program Files\AVG\Antivirus\aswhook.dll
0x00007ffbc2770000 - 0x00007ffbc2839000 	C:\WINDOWS\System32\KERNEL32.DLL
0x00007ffbc0450000 - 0x00007ffbc0841000 	C:\WINDOWS\System32\KERNELBASE.dll
0x00007ffbbd190000 - 0x00007ffbbd22f000 	C:\WINDOWS\SYSTEM32\apphelp.dll
0x00007ffbc0300000 - 0x00007ffbc044b000 	C:\WINDOWS\System32\ucrtbase.dll
0x00007ffb908c0000 - 0x00007ffb908de000 	c:\Users\ISABELLA\.vscode\extensions\redhat.java-1.53.0-win32-x64\jre\21.0.10-win32-x86_64\bin\VCRUNTIME140.dll
0x00007ffba0a60000 - 0x00007ffba0a78000 	c:\Users\ISABELLA\.vscode\extensions\redhat.java-1.53.0-win32-x64\jre\21.0.10-win32-x86_64\bin\jli.dll
0x00007ffbc31a0000 - 0x00007ffbc3365000 	C:\WINDOWS\System32\USER32.dll
0x00007ffbc0850000 - 0x00007ffbc0877000 	C:\WINDOWS\System32\win32u.dll
0x00007ffba7c20000 - 0x00007ffba7eb3000 	C:\WINDOWS\WinSxS\amd64_microsoft.windows.common-controls_6595b64144ccf1df_6.0.26100.8037_none_3e092faae333b53b\COMCTL32.dll
0x00007ffbc1440000 - 0x00007ffbc14e9000 	C:\WINDOWS\System32\msvcrt.dll
0x00007ffbc2840000 - 0x00007ffbc286b000 	C:\WINDOWS\System32\GDI32.dll
0x00007ffbc10f0000 - 0x00007ffbc121b000 	C:\WINDOWS\System32\gdi32full.dll
0x00007ffbc12d0000 - 0x00007ffbc1373000 	C:\WINDOWS\System32\msvcp_win.dll
0x00007ffbc15f0000 - 0x00007ffbc1621000 	C:\WINDOWS\System32\IMM32.DLL
0x00007ffbac0c0000 - 0x00007ffbac0cc000 	c:\Users\ISABELLA\.vscode\extensions\redhat.java-1.53.0-win32-x64\jre\21.0.10-win32-x86_64\bin\vcruntime140_1.dll
0x00007ffb67ef0000 - 0x00007ffb67f7d000 	c:\Users\ISABELLA\.vscode\extensions\redhat.java-1.53.0-win32-x64\jre\21.0.10-win32-x86_64\bin\msvcp140.dll
0x00007ffacf650000 - 0x00007ffad03f1000 	c:\Users\ISABELLA\.vscode\extensions\redhat.java-1.53.0-win32-x64\jre\21.0.10-win32-x86_64\bin\server\jvm.dll
0x00007ffbc34e0000 - 0x00007ffbc359b000 	C:\WINDOWS\System32\ADVAPI32.dll
0x00007ffbc2050000 - 0x00007ffbc20f7000 	C:\WINDOWS\System32\sechost.dll
0x00007ffbc2970000 - 0x00007ffbc2a88000 	C:\WINDOWS\System32\RPCRT4.dll
0x00007ffbc2690000 - 0x00007ffbc2704000 	C:\WINDOWS\System32\WS2_32.dll
0x00007ffbbf5c0000 - 0x00007ffbbf61e000 	C:\WINDOWS\SYSTEM32\POWRPROF.dll
0x00007ffbb5b30000 - 0x00007ffbb5b65000 	C:\WINDOWS\SYSTEM32\WINMM.dll
0x00007ffbb8100000 - 0x00007ffbb810b000 	C:\WINDOWS\SYSTEM32\VERSION.dll
0x00007ffbbf560000 - 0x00007ffbbf574000 	C:\WINDOWS\SYSTEM32\UMPDC.dll
0x00007ffbbec50000 - 0x00007ffbbec6b000 	C:\WINDOWS\SYSTEM32\kernel.appcore.dll
0x00007ffba5ee0000 - 0x00007ffba5eea000 	c:\Users\ISABELLA\.vscode\extensions\redhat.java-1.53.0-win32-x64\jre\21.0.10-win32-x86_64\bin\jimage.dll
0x00007ffbbde70000 - 0x00007ffbbe0b2000 	C:\WINDOWS\SYSTEM32\DBGHELP.DLL
0x00007ffbc2110000 - 0x00007ffbc2492000 	C:\WINDOWS\System32\combase.dll
0x00007ffbc1f60000 - 0x00007ffbc2037000 	C:\WINDOWS\System32\OLEAUT32.dll
0x00007ffbb3750000 - 0x00007ffbb378b000 	C:\WINDOWS\SYSTEM32\dbgcore.DLL
0x00007ffbc1220000 - 0x00007ffbc12c5000 	C:\WINDOWS\System32\bcryptPrimitives.dll
0x00007ffba2d90000 - 0x00007ffba2d9f000 	c:\Users\ISABELLA\.vscode\extensions\redhat.java-1.53.0-win32-x64\jre\21.0.10-win32-x86_64\bin\instrument.dll
0x00007ffb8e110000 - 0x00007ffb8e130000 	c:\Users\ISABELLA\.vscode\extensions\redhat.java-1.53.0-win32-x64\jre\21.0.10-win32-x86_64\bin\java.dll
0x00007ffbc17d0000 - 0x00007ffbc1f2f000 	C:\WINDOWS\System32\SHELL32.dll
0x00007ffbbff50000 - 0x00007ffbc00ba000 	C:\WINDOWS\System32\wintypes.dll
0x00007ffbc0880000 - 0x00007ffbc10e4000 	C:\WINDOWS\System32\windows.storage.dll
0x00007ffbc3020000 - 0x00007ffbc3117000 	C:\WINDOWS\System32\SHCORE.dll
0x00007ffbc1580000 - 0x00007ffbc15e7000 	C:\WINDOWS\System32\shlwapi.dll
0x00007ffbbfde0000 - 0x00007ffbbfe09000 	C:\WINDOWS\SYSTEM32\profapi.dll
0x00007ffb8e030000 - 0x00007ffb8e048000 	c:\Users\ISABELLA\.vscode\extensions\redhat.java-1.53.0-win32-x64\jre\21.0.10-win32-x86_64\bin\zip.dll
0x00007ffb90bb0000 - 0x00007ffb90bc0000 	C:\Users\ISABELLA\.vscode\extensions\redhat.java-1.53.0-win32-x64\jre\21.0.10-win32-x86_64\bin\net.dll
0x00007ffbb85f0000 - 0x00007ffbb8717000 	C:\WINDOWS\SYSTEM32\WINHTTP.dll
0x00007ffbbf230000 - 0x00007ffbbf29b000 	C:\WINDOWS\system32\mswsock.dll
0x00007ffb8de70000 - 0x00007ffb8de86000 	C:\Users\ISABELLA\.vscode\extensions\redhat.java-1.53.0-win32-x64\jre\21.0.10-win32-x86_64\bin\nio.dll
0x00007ffb8e0d0000 - 0x00007ffb8e0e0000 	c:\Users\ISABELLA\.vscode\extensions\redhat.java-1.53.0-win32-x64\jre\21.0.10-win32-x86_64\bin\verify.dll
0x00007ffb72d80000 - 0x00007ffb72dc5000 	C:\Users\ISABELLA\AppData\Roaming\Code\User\globalStorage\redhat.java\1.53.0\config_win\org.eclipse.equinox.launcher\org.eclipse.equinox.launcher.win32.win32.x86_64_1.3.0.v20260203-2149\eclipse_11919.dll
0x00007ffbc1630000 - 0x00007ffbc17c5000 	C:\WINDOWS\System32\ole32.dll
0x00007ffbbf540000 - 0x00007ffbbf55b000 	C:\WINDOWS\SYSTEM32\CRYPTSP.dll
0x00007ffbbebb0000 - 0x00007ffbbebe9000 	C:\WINDOWS\system32\rsaenh.dll
0x00007ffbbf2e0000 - 0x00007ffbbf312000 	C:\WINDOWS\SYSTEM32\USERENV.dll
0x00007ffbbfdb0000 - 0x00007ffbbfdda000 	C:\WINDOWS\SYSTEM32\bcrypt.dll
0x00007ffbbf530000 - 0x00007ffbbf53c000 	C:\WINDOWS\SYSTEM32\CRYPTBASE.dll
0x00007ffbbe610000 - 0x00007ffbbe643000 	C:\WINDOWS\SYSTEM32\IPHLPAPI.DLL
0x00007ffbc2100000 - 0x00007ffbc210a000 	C:\WINDOWS\System32\NSI.dll
0x00007ffb36b40000 - 0x00007ffb36b89000 	C:\Users\ISABELLA\AppData\Local\Temp\jna-948475303\jna7226681480823043327.dll
0x00007ffbc2040000 - 0x00007ffbc2048000 	C:\WINDOWS\System32\PSAPI.DLL
0x00007ffbb8960000 - 0x00007ffbb897d000 	C:\WINDOWS\SYSTEM32\dhcpcsvc6.DLL
0x00007ffbb8930000 - 0x00007ffbb8953000 	C:\WINDOWS\SYSTEM32\dhcpcsvc.DLL

JVMTI agents:
c:\Users\ISABELLA\.vscode\extensions\redhat.java-1.53.0-win32-x64\lombok\lombok-1.18.39-4050.jar path:c:\Users\ISABELLA\.vscode\extensions\redhat.java-1.53.0-win32-x64\jre\21.0.10-win32-x86_64\bin\instrument.dll, loaded, initialized, instrumentlib options:none

dbghelp: loaded successfully - version: 4.0.5 - missing functions: none
symbol engine: initialized successfully - sym options: 0x614 - pdb path: .;c:\Users\ISABELLA\.vscode\extensions\redhat.java-1.53.0-win32-x64\jre\21.0.10-win32-x86_64\bin;C:\WINDOWS\SYSTEM32;C:\Program Files\AVG\Antivirus;C:\WINDOWS\WinSxS\amd64_microsoft.windows.common-controls_6595b64144ccf1df_6.0.26100.8037_none_3e092faae333b53b;c:\Users\ISABELLA\.vscode\extensions\redhat.java-1.53.0-win32-x64\jre\21.0.10-win32-x86_64\bin\server;C:\Users\ISABELLA\AppData\Roaming\Code\User\globalStorage\redhat.java\1.53.0\config_win\org.eclipse.equinox.launcher\org.eclipse.equinox.launcher.win32.win32.x86_64_1.3.0.v20260203-2149;C:\Users\ISABELLA\AppData\Local\Temp\jna-948475303

VM Arguments:
jvm_args: --add-modules=ALL-SYSTEM --add-opens=java.base/java.util=ALL-UNNAMED --add-opens=java.base/java.lang=ALL-UNNAMED --add-opens=java.base/sun.nio.fs=ALL-UNNAMED -Declipse.application=org.eclipse.jdt.ls.core.id1 -Dosgi.bundles.defaultStartLevel=4 -Declipse.product=org.eclipse.jdt.ls.core.product -Djava.import.generatesMetadataFilesAtProjectRoot=false -DDetectVMInstallationsJob.disabled=true -Dfile.encoding=utf8 -XX:+UseParallelGC -XX:GCTimeRatio=4 -XX:AdaptiveSizePolicyWeight=90 -Dsun.zip.disableMemoryMapping=true -Xmx2G -Xms100m -Xlog:disable -javaagent:c:\Users\ISABELLA\.vscode\extensions\redhat.java-1.53.0-win32-x64\lombok\lombok-1.18.39-4050.jar -XX:+HeapDumpOnOutOfMemoryError -XX:HeapDumpPath=c:\Users\ISABELLA\AppData\Roaming\Code\User\workspaceStorage\85ad94aab88bf9dc227c7f8d457011e1\redhat.java -Daether.dependencyCollector.impl=bf 
java_command: c:\Users\ISABELLA\.vscode\extensions\redhat.java-1.53.0-win32-x64\server\plugins\org.eclipse.equinox.launcher_1.7.100.v20251111-0406.jar -configuration c:\Users\ISABELLA\AppData\Roaming\Code\User\globalStorage\redhat.java\1.53.0\config_win -data c:\Users\ISABELLA\AppData\Roaming\Code\User\workspaceStorage\85ad94aab88bf9dc227c7f8d457011e1\redhat.java\jdt_ws --pipe=\\.\pipe\lsp-9869c45b5483fe43020fae627b8dc385-sock
java_class_path (initial): c:\Users\ISABELLA\.vscode\extensions\redhat.java-1.53.0-win32-x64\server\plugins\org.eclipse.equinox.launcher_1.7.100.v20251111-0406.jar
Launcher Type: SUN_STANDARD

[Global flags]
    uintx AdaptiveSizePolicyWeight                 = 90                                        {product} {command line}
     intx CICompilerCount                          = 12                                        {product} {ergonomic}
    uintx GCTimeRatio                              = 4                                         {product} {command line}
     bool HeapDumpOnOutOfMemoryError               = true                                   {manageable} {command line}
    ccstr HeapDumpPath                             = c:\Users\ISABELLA\AppData\Roaming\Code\User\workspaceStorage\85ad94aab88bf9dc227c7f8d457011e1\redhat.java         {manageable} {command line}
   size_t InitialHeapSize                          = 104857600                                 {product} {command line}
   size_t MaxHeapSize                              = 2147483648                                {product} {command line}
   size_t MaxNewSize                               = 715653120                                 {product} {ergonomic}
   size_t MinHeapDeltaBytes                        = 524288                                    {product} {ergonomic}
   size_t MinHeapSize                              = 104857600                                 {product} {command line}
   size_t NewSize                                  = 34603008                                  {product} {ergonomic}
    uintx NonNMethodCodeHeapSize                   = 7602480                                {pd product} {ergonomic}
    uintx NonProfiledCodeHeapSize                  = 122027880                              {pd product} {ergonomic}
   size_t OldSize                                  = 70254592                                  {product} {ergonomic}
    uintx ProfiledCodeHeapSize                     = 122027880                              {pd product} {ergonomic}
    uintx ReservedCodeCacheSize                    = 251658240                              {pd product} {ergonomic}
     bool SegmentedCodeCache                       = true                                      {product} {ergonomic}
   size_t SoftMaxHeapSize                          = 2147483648                             {manageable} {ergonomic}
     bool UseCompressedOops                        = true                           {product lp64_product} {ergonomic}
     bool UseLargePagesIndividualAllocation        = false                                  {pd product} {ergonomic}
     bool UseParallelGC                            = true                                      {product} {command line}

Logging:
Log output configuration:
 #0: stdout all=off uptime,level,tags foldmultilines=false
 #1: stderr all=off uptime,level,tags foldmultilines=false

Release file:
JAVA_VERSION="21.0.10" 
MODULES="java.base java.compiler java.datatransfer java.xml java.prefs java.desktop java.instrument java.logging java.management java.security.sasl java.naming java.rmi java.management.rmi java.net.http java.scripting java.security.jgss java.transaction.xa java.sql java.sql.rowset java.xml.crypto java.se java.smartcardio jdk.accessibility jdk.internal.jvmstat jdk.attach jdk.charsets jdk.internal.opt jdk.zipfs jdk.compiler jdk.crypto.ec jdk.crypto.cryptoki jdk.crypto.mscapi jdk.dynalink jdk.internal.ed jdk.editpad jdk.hotspot.agent jdk.httpserver jdk.internal.le jdk.internal.vm.ci jdk.internal.vm.compiler jdk.internal.vm.compiler.management jdk.jartool jdk.javadoc jdk.jcmd jdk.management jdk.management.agent jdk.jconsole jdk.jdeps jdk.jdwp.agent jdk.jdi jdk.jfr jdk.jshell jdk.jsobject jdk.jstatd jdk.localedata jdk.management.jfr jdk.naming.dns jdk.naming.rmi jdk.net jdk.nio.mapmode jdk.random jdk.sctp jdk.security.auth jdk.security.jgss jdk.unsupported jdk.unsupported.desktop jdk.xml.dom" 

Environment Variables:
PATH=C:\Program Files\Common Files\Oracle\Java\javapath;C:\Python313\Scripts\;C:\Python313\;C:\Windows\system32;C:\Windows;C:\Windows\System32\Wbem;C:\Windows\System32\WindowsPowerShell\v1.0\;C:\Windows\System32\OpenSSH\;C:\Program Files (x86)\NVIDIA Corporation\PhysX\Common;C:\Program Files\NVIDIA Corporation\NVIDIA NvDLISR;C:\WINDOWS\system32;C:\WINDOWS;C:\WINDOWS\System32\Wbem;C:\WINDOWS\System32\WindowsPowerShell\v1.0\;C:\WINDOWS\System32\OpenSSH\;C:\Program Files\dotnet\;C:\Program Files\MySQL\MySQL Server 8.0\bin;C:\Program Files\nodejs\;C:\ProgramData\chocolatey\bin;C:\Program Files\Microsoft SQL Server\150\Tools\Binn\;C:\Program Files\Microsoft SQL Server\Client SDK\ODBC\170\Tools\Binn\;C:\Program Files (x86)\Windows Kits\10\Windows Performance Toolkit\;C:\Program Files\Git\cmd;C:\Program Files\MySQL\MySQL Shell 8.0\bin\;C:\Python\Python310\Scripts\;C:\Python\Python310\;C:\Users\ISABELLA\AppData\Local\Microsoft\WindowsApps;C:\Users\ISABELLA\AppData\Local\GitHubDesktop\bin;C:\Program Files\MongoDB\Server\8.0\bin;C:\Users\ISABELLA\AppData\Local\Programs\Microsoft VS Code\bin;C:\terraform;C:\Users\ISABELLA\AppData\Roaming\npm;C:\Users\ISABELLA\.dotnet\tools;C:\Program Files\Java\jdk-25.0.2\bin;
USERNAME=ISABELLA
OS=Windows_NT
PROCESSOR_IDENTIFIER=AMD64 Family 23 Model 96 Stepping 1, AuthenticAMD
TMP=C:\Users\ISABELLA\AppData\Local\Temp
TEMP=C:\Users\ISABELLA\AppData\Local\Temp




Periodic native trim disabled

---------------  S Y S T E M  ---------------

OS:
 Windows 11 , 64 bit Build 26100 (10.0.26100.7920)
OS uptime: 6 days 6:52 hours
Hyper-V role detected

CPU: total 16 (initial active 16) (16 cores per cpu, 2 threads per core) family 23 model 96 stepping 1 microcode 0x8600104, cx8, cmov, fxsr, ht, mmx, 3dnowpref, sse, sse2, sse3, ssse3, sse4a, sse4.1, sse4.2, popcnt, lzcnt, tsc, tscinvbit, avx, avx2, aes, clmul, bmi1, bmi2, adx, sha, fma, vzeroupper, clflush, clflushopt, hv, rdtscp, rdpid, f16c
Processor Information for the first 16 processors :
  Max Mhz: 2900, Current Mhz: 1700, Mhz Limit: 2900

Memory: 4k page, system-wide physical 7549M (380M free)
TotalPageFile size 24028M (AvailPageFile size 10M)
current process WorkingSet (physical memory assigned to process): 234M, peak: 390M
current process commit charge ("private bytes"): 648M, peak: 699M

vm_info: OpenJDK 64-Bit Server VM (21.0.10+7-LTS) for windows-amd64 JRE (21.0.10+7-LTS), built on 2026-01-20T00:00:00Z by "admin" with MS VC++ 17.12 (VS2022)

END.
